              :-) GROMACS - gmx mdrun, 2020.1-Ubuntu-2020.1-1 (-:

                            GROMACS is written by:
     Emile Apol      Rossen Apostolov      Paul Bauer     Herman J.C. Berendsen
    Par Bjelkmar      Christian Blau   Viacheslav Bolnykh     Kevin Boyd    
 Aldert van Buuren   Rudi van Drunen     Anton Feenstra       Alan Gray     
  Gerrit Groenhof     Anca Hamuraru    Vincent Hindriksen  M. Eric Irrgang  
  Aleksei Iupinov   Christoph Junghans     Joe Jordan     Dimitrios Karkoulis
    Peter Kasson        Jiri Kraus      Carsten Kutzner      Per Larsson    
  Justin A. Lemkul    Viveca Lindahl    Magnus Lundborg     Erik Marklund   
    Pascal Merz     Pieter Meulenhoff    Teemu Murtola       Szilard Pall   
    Sander Pronk      Roland Schulz      Michael Shirts    Alexey Shvetsov  
   Alfons Sijbers     Peter Tieleman      Jon Vincent      Teemu Virolainen 
 Christian Wennberg    Maarten Wolf      Artem Zhmurov   
                           and the project leaders:
        Mark Abraham, Berk Hess, Erik Lindahl, and David van der Spoel

Copyright (c) 1991-2000, University of Groningen, The Netherlands.
Copyright (c) 2001-2019, The GROMACS development team at
Uppsala University, Stockholm University and
the Royal Institute of Technology, Sweden.
check out http://www.gromacs.org for more information.

GROMACS is free software; you can redistribute it and/or modify it
under the terms of the GNU Lesser General Public License
as published by the Free Software Foundation; either version 2.1
of the License, or (at your option) any later version.

GROMACS:      gmx mdrun, version 2020.1-Ubuntu-2020.1-1
Executable:   /usr/bin/gmx
Data prefix:  /usr
Working dir:  /home/mozdev/drug-discovery-project/6gh8_ribivirin/Dolu_Docking/PDB_Files/MD_Simulations/lig_n_water
Process ID:   189
Command line:
  gmx mdrun -deffnm nvt

GROMACS version:    2020.1-Ubuntu-2020.1-1
Precision:          single
Memory model:       64 bit
MPI library:        thread_mpi
OpenMP support:     enabled (GMX_OPENMP_MAX_THREADS = 64)
GPU support:        disabled
SIMD instructions:  SSE2
FFT library:        fftw-3.3.8-sse2-avx
RDTSCP usage:       disabled
TNG support:        enabled
Hwloc support:      hwloc-2.1.0
Tracing support:    disabled
C compiler:         /usr/bin/cc GNU 9.3.0
C compiler flags:   -msse2 -fexcess-precision=fast -funroll-all-loops
C++ compiler:       /usr/bin/c++ GNU 9.3.0
C++ compiler flags: -msse2 -fexcess-precision=fast -funroll-all-loops -fopenmp


Running on 1 node with total 2 cores, 4 logical cores
Hardware detected:
  CPU info:
    Vendor: Intel
    Brand:  Intel(R) Core(TM) i7-4510U CPU @ 2.00GHz
    Family: 6   Model: 69   Stepping: 1
    Features: aes apic avx avx2 clfsh cmov cx8 cx16 f16c fma htt intel lahf mmx msr nonstop_tsc pcid pclmuldq pdcm pdpe1gb popcnt pse rdrnd rdtscp sse2 sse3 sse4.1 sse4.2 ssse3
  Hardware topology: Basic
    Sockets, cores, and logical processors:
      Socket  0: [   0   1] [   2   3]

Highest SIMD level requested by all nodes in run: AVX2_256
SIMD instructions selected at compile time:       SSE2
This program was compiled for different hardware than you are running on,
which could influence performance.
The current CPU can measure timings more accurately than the code in
gmx mdrun was configured to use. This might affect your simulation
speed as accurate timings are needed for load-balancing.
Please consider rebuilding gmx mdrun with the GMX_USE_RDTSCP=ON CMake option.

++++ PLEASE READ AND CITE THE FOLLOWING REFERENCE ++++
M. J. Abraham, T. Murtola, R. Schulz, S. Páll, J. C. Smith, B. Hess, E.
Lindahl
GROMACS: High performance molecular simulations through multi-level
parallelism from laptops to supercomputers
SoftwareX 1 (2015) pp. 19-25
-------- -------- --- Thank You --- -------- --------


++++ PLEASE READ AND CITE THE FOLLOWING REFERENCE ++++
S. Páll, M. J. Abraham, C. Kutzner, B. Hess, E. Lindahl
Tackling Exascale Software Challenges in Molecular Dynamics Simulations with
GROMACS
In S. Markidis & E. Laure (Eds.), Solving Software Challenges for Exascale 8759 (2015) pp. 3-27
-------- -------- --- Thank You --- -------- --------


++++ PLEASE READ AND CITE THE FOLLOWING REFERENCE ++++
S. Pronk, S. Páll, R. Schulz, P. Larsson, P. Bjelkmar, R. Apostolov, M. R.
Shirts, J. C. Smith, P. M. Kasson, D. van der Spoel, B. Hess, and E. Lindahl
GROMACS 4.5: a high-throughput and highly parallel open source molecular
simulation toolkit
Bioinformatics 29 (2013) pp. 845-54
-------- -------- --- Thank You --- -------- --------


++++ PLEASE READ AND CITE THE FOLLOWING REFERENCE ++++
B. Hess and C. Kutzner and D. van der Spoel and E. Lindahl
GROMACS 4: Algorithms for highly efficient, load-balanced, and scalable
molecular simulation
J. Chem. Theory Comput. 4 (2008) pp. 435-447
-------- -------- --- Thank You --- -------- --------


++++ PLEASE READ AND CITE THE FOLLOWING REFERENCE ++++
D. van der Spoel, E. Lindahl, B. Hess, G. Groenhof, A. E. Mark and H. J. C.
Berendsen
GROMACS: Fast, Flexible and Free
J. Comp. Chem. 26 (2005) pp. 1701-1719
-------- -------- --- Thank You --- -------- --------


++++ PLEASE READ AND CITE THE FOLLOWING REFERENCE ++++
E. Lindahl and B. Hess and D. van der Spoel
GROMACS 3.0: A package for molecular simulation and trajectory analysis
J. Mol. Mod. 7 (2001) pp. 306-317
-------- -------- --- Thank You --- -------- --------


++++ PLEASE READ AND CITE THE FOLLOWING REFERENCE ++++
H. J. C. Berendsen, D. van der Spoel and R. van Drunen
GROMACS: A message-passing parallel molecular dynamics implementation
Comp. Phys. Comm. 91 (1995) pp. 43-56
-------- -------- --- Thank You --- -------- --------

Input Parameters:
   integrator                     = md
   tinit                          = 0
   dt                             = 0.002
   nsteps                         = 50000
   init-step                      = 0
   simulation-part                = 1
   comm-mode                      = Linear
   nstcomm                        = 100
   bd-fric                        = 0
   ld-seed                        = -1923381106
   emtol                          = 10
   emstep                         = 0.01
   niter                          = 20
   fcstep                         = 0
   nstcgsteep                     = 1000
   nbfgscorr                      = 10
   rtpi                           = 0.05
   nstxout                        = 500
   nstvout                        = 500
   nstfout                        = 0
   nstlog                         = 500
   nstcalcenergy                  = 100
   nstenergy                      = 500
   nstxout-compressed             = 0
   compressed-x-precision         = 1000
   cutoff-scheme                  = Verlet
   nstlist                        = 10
   pbc                            = xyz
   periodic-molecules             = false
   verlet-buffer-tolerance        = 0.005
   rlist                          = 1
   coulombtype                    = PME
   coulomb-modifier               = Potential-shift
   rcoulomb-switch                = 0
   rcoulomb                       = 1
   epsilon-r                      = 1
   epsilon-rf                     = inf
   vdw-type                       = Cut-off
   vdw-modifier                   = Potential-shift
   rvdw-switch                    = 0
   rvdw                           = 1
   DispCorr                       = EnerPres
   table-extension                = 1
   fourierspacing                 = 0.16
   fourier-nx                     = 40
   fourier-ny                     = 40
   fourier-nz                     = 40
   pme-order                      = 4
   ewald-rtol                     = 1e-05
   ewald-rtol-lj                  = 0.001
   lj-pme-comb-rule               = Geometric
   ewald-geometry                 = 0
   epsilon-surface                = 0
   tcoupl                         = V-rescale
   nsttcouple                     = 10
   nh-chain-length                = 0
   print-nose-hoover-chain-variables = false
   pcoupl                         = No
   pcoupltype                     = Isotropic
   nstpcouple                     = -1
   tau-p                          = 1
   compressibility (3x3):
      compressibility[    0]={ 0.00000e+00,  0.00000e+00,  0.00000e+00}
      compressibility[    1]={ 0.00000e+00,  0.00000e+00,  0.00000e+00}
      compressibility[    2]={ 0.00000e+00,  0.00000e+00,  0.00000e+00}
   ref-p (3x3):
      ref-p[    0]={ 0.00000e+00,  0.00000e+00,  0.00000e+00}
      ref-p[    1]={ 0.00000e+00,  0.00000e+00,  0.00000e+00}
      ref-p[    2]={ 0.00000e+00,  0.00000e+00,  0.00000e+00}
   refcoord-scaling               = No
   posres-com (3):
      posres-com[0]= 0.00000e+00
      posres-com[1]= 0.00000e+00
      posres-com[2]= 0.00000e+00
   posres-comB (3):
      posres-comB[0]= 0.00000e+00
      posres-comB[1]= 0.00000e+00
      posres-comB[2]= 0.00000e+00
   QMMM                           = false
   QMconstraints                  = 0
   QMMMscheme                     = 0
   MMChargeScaleFactor            = 1
qm-opts:
   ngQM                           = 0
   constraint-algorithm           = Lincs
   continuation                   = false
   Shake-SOR                      = false
   shake-tol                      = 0.0001
   lincs-order                    = 4
   lincs-iter                     = 1
   lincs-warnangle                = 30
   nwall                          = 0
   wall-type                      = 9-3
   wall-r-linpot                  = -1
   wall-atomtype[0]               = -1
   wall-atomtype[1]               = -1
   wall-density[0]                = 0
   wall-density[1]                = 0
   wall-ewald-zfac                = 3
   pull                           = false
   awh                            = false
   rotation                       = false
   interactiveMD                  = false
   disre                          = No
   disre-weighting                = Conservative
   disre-mixed                    = false
   dr-fc                          = 1000
   dr-tau                         = 0
   nstdisreout                    = 100
   orire-fc                       = 0
   orire-tau                      = 0
   nstorireout                    = 100
   free-energy                    = no
   cos-acceleration               = 0
   deform (3x3):
      deform[    0]={ 0.00000e+00,  0.00000e+00,  0.00000e+00}
      deform[    1]={ 0.00000e+00,  0.00000e+00,  0.00000e+00}
      deform[    2]={ 0.00000e+00,  0.00000e+00,  0.00000e+00}
   simulated-tempering            = false
   swapcoords                     = no
   userint1                       = 0
   userint2                       = 0
   userint3                       = 0
   userint4                       = 0
   userreal1                      = 0
   userreal2                      = 0
   userreal3                      = 0
   userreal4                      = 0
   applied-forces:
     electric-field:
       x:
         E0                       = 0
         omega                    = 0
         t0                       = 0
         sigma                    = 0
       y:
         E0                       = 0
         omega                    = 0
         t0                       = 0
         sigma                    = 0
       z:
         E0                       = 0
         omega                    = 0
         t0                       = 0
         sigma                    = 0
     density-guided-simulation:
       active                     = false
       group                      = protein
       similarity-measure         = inner-product
       atom-spreading-weight      = unity
       force-constant             = 1e+09
       gaussian-transform-spreading-width = 0.2
       gaussian-transform-spreading-range-in-multiples-of-width = 4
       reference-density-filename = reference.mrc
       nst                        = 1
       normalize-densities        = true
       adaptive-force-scaling     = false
       adaptive-force-scaling-time-constant = 4
grpopts:
   nrdf:     4468.71     41151.3
   ref-t:         300         300
   tau-t:         0.1         0.1
annealing:          No          No
annealing-npoints:           0           0
   acc:	           0           0           0
   nfreeze:           N           N           N
   energygrp-flags[  0]: 0

Changing nstlist from 10 to 50, rlist from 1 to 1.11


Using 1 MPI thread

Non-default thread affinity set, disabling internal thread affinity

Using 4 OpenMP threads 

System total charge: 0.000
Will do PME sum in reciprocal space for electrostatic interactions.

++++ PLEASE READ AND CITE THE FOLLOWING REFERENCE ++++
U. Essmann, L. Perera, M. L. Berkowitz, T. Darden, H. Lee and L. G. Pedersen 
A smooth particle mesh Ewald method
J. Chem. Phys. 103 (1995) pp. 8577-8592
-------- -------- --- Thank You --- -------- --------

Using a Gaussian width (1/beta) of 0.320163 nm for Ewald
Potential shift: LJ r^-12: -1.000e+00 r^-6: -1.000e+00, Ewald -1.000e-05
Initialized non-bonded Coulomb Ewald tables, spacing: 9.33e-04 size: 1073

Generated table with 1055 data points for 1-4 COUL.
Tabscale = 500 points/nm
Generated table with 1055 data points for 1-4 LJ6.
Tabscale = 500 points/nm
Generated table with 1055 data points for 1-4 LJ12.
Tabscale = 500 points/nm

Using SIMD 4x4 nonbonded short-range kernels

Using a dual 4x4 pair-list setup updated with dynamic pruning:
  outer list: updated every 50 steps, buffer 0.110 nm, rlist 1.110 nm
  inner list: updated every 13 steps, buffer 0.003 nm, rlist 1.003 nm
At tolerance 0.005 kJ/mol/ps per atom, equivalent classical 1x1 list would be:
  outer list: updated every 50 steps, buffer 0.240 nm, rlist 1.240 nm
  inner list: updated every 13 steps, buffer 0.052 nm, rlist 1.052 nm

Using full Lennard-Jones parameter combination matrix

Long Range LJ corr.: <C6> 3.2417e-04

Removing pbc first time

Initializing LINear Constraint Solver

++++ PLEASE READ AND CITE THE FOLLOWING REFERENCE ++++
B. Hess and H. Bekker and H. J. C. Berendsen and J. G. E. M. Fraaije
LINCS: A Linear Constraint Solver for molecular simulations
J. Comp. Chem. 18 (1997) pp. 1463-1472
-------- -------- --- Thank You --- -------- --------

The number of constraints is 871

++++ PLEASE READ AND CITE THE FOLLOWING REFERENCE ++++
S. Miyamoto and P. A. Kollman
SETTLE: An Analytical Version of the SHAKE and RATTLE Algorithms for Rigid
Water Models
J. Comp. Chem. 13 (1992) pp. 952-962
-------- -------- --- Thank You --- -------- --------


++++ PLEASE READ AND CITE THE FOLLOWING REFERENCE ++++
G. Bussi, D. Donadio and M. Parrinello
Canonical sampling through velocity rescaling
J. Chem. Phys. 126 (2007) pp. 014101
-------- -------- --- Thank You --- -------- --------

There are: 22355 Atoms

Constraining the starting coordinates (step 0)

Constraining the coordinates at t0-dt (step 0)
Center of mass motion removal mode is Linear
We have the following groups for center of mass motion removal:
  0:  rest
RMS relative constraint deviation after constraining: 2.76e-06
Initial temperature: 299.644 K

Started mdrun on rank 0 Fri Sep 10 13:29:16 2021

           Step           Time
              0        0.00000

   Energies (kJ/mol)
           Bond            U-B    Proper Dih.  Improper Dih.      CMAP Dih.
    4.13928e+02    1.36387e+03    4.70814e+03    7.65322e+01   -1.32876e+02
          LJ-14     Coulomb-14        LJ (SR)  Disper. corr.   Coulomb (SR)
    1.34069e+03    1.45348e+04    4.67474e+04   -3.01070e+03   -4.00835e+05
   Coul. recip. Position Rest.      Potential    Kinetic En.   Total Energy
    2.71796e+03    9.19992e-04   -3.32076e+05    5.68647e+04   -2.75211e+05
  Conserved En.    Temperature Pres. DC (bar) Pressure (bar)   Constr. rmsd
   -2.75211e+05    2.99835e+02   -2.22343e+02   -2.73697e+03    2.81838e-06

           Step           Time
            500        1.00000

   Energies (kJ/mol)
           Bond            U-B    Proper Dih.  Improper Dih.      CMAP Dih.
    1.38273e+03    3.95268e+03    5.02554e+03    2.41430e+02   -1.20977e+02
          LJ-14     Coulomb-14        LJ (SR)  Disper. corr.   Coulomb (SR)
    1.41776e+03    1.43415e+04    4.67179e+04   -3.01070e+03   -3.70295e+05
   Coul. recip. Position Rest.      Potential    Kinetic En.   Total Energy
    2.09203e+03    7.35414e+02   -2.97519e+05    5.60592e+04   -2.41460e+05
  Conserved En.    Temperature Pres. DC (bar) Pressure (bar)   Constr. rmsd
   -2.74619e+05    2.95588e+02   -2.22343e+02    9.41676e+01    2.46512e-06

           Step           Time
           1000        2.00000

   Energies (kJ/mol)
           Bond            U-B    Proper Dih.  Improper Dih.      CMAP Dih.
    1.40212e+03    4.02862e+03    4.96173e+03    2.54626e+02   -1.04453e+02
          LJ-14     Coulomb-14        LJ (SR)  Disper. corr.   Coulomb (SR)
    1.35719e+03    1.41542e+04    4.67928e+04   -3.01070e+03   -3.70709e+05
   Coul. recip. Position Rest.      Potential    Kinetic En.   Total Energy
    2.12010e+03    6.66466e+02   -2.98087e+05    5.74776e+04   -2.40609e+05
  Conserved En.    Temperature Pres. DC (bar) Pressure (bar)   Constr. rmsd
   -2.74613e+05    3.03068e+02   -2.22343e+02    3.03055e+01    2.48846e-06

           Step           Time
           1500        3.00000

   Energies (kJ/mol)
           Bond            U-B    Proper Dih.  Improper Dih.      CMAP Dih.
    1.46471e+03    3.90407e+03    5.05638e+03    2.47004e+02   -1.25936e+02
          LJ-14     Coulomb-14        LJ (SR)  Disper. corr.   Coulomb (SR)
    1.40776e+03    1.41295e+04    4.68013e+04   -3.01070e+03   -3.71799e+05
   Coul. recip. Position Rest.      Potential    Kinetic En.   Total Energy
    2.06567e+03    6.81976e+02   -2.99177e+05    5.68798e+04   -2.42297e+05
  Conserved En.    Temperature Pres. DC (bar) Pressure (bar)   Constr. rmsd
   -2.74599e+05    2.99915e+02   -2.22343e+02    3.27859e+02    2.61074e-06

           Step           Time
           2000        4.00000

   Energies (kJ/mol)
           Bond            U-B    Proper Dih.  Improper Dih.      CMAP Dih.
    1.40157e+03    3.95879e+03    4.93270e+03    2.13908e+02   -1.08451e+02
          LJ-14     Coulomb-14        LJ (SR)  Disper. corr.   Coulomb (SR)
    1.37283e+03    1.42113e+04    4.78123e+04   -3.01070e+03   -3.73887e+05
   Coul. recip. Position Rest.      Potential    Kinetic En.   Total Energy
    2.02213e+03    6.59465e+02   -3.00421e+05    5.66433e+04   -2.43778e+05
  Conserved En.    Temperature Pres. DC (bar) Pressure (bar)   Constr. rmsd
   -2.74599e+05    2.98668e+02   -2.22343e+02    9.43853e+01    2.43700e-06

           Step           Time
           2500        5.00000

   Energies (kJ/mol)
           Bond            U-B    Proper Dih.  Improper Dih.      CMAP Dih.
    1.45363e+03    3.88483e+03    4.95526e+03    2.99158e+02   -1.37640e+02
          LJ-14     Coulomb-14        LJ (SR)  Disper. corr.   Coulomb (SR)
    1.40682e+03    1.41726e+04    4.74983e+04   -3.01070e+03   -3.73791e+05
   Coul. recip. Position Rest.      Potential    Kinetic En.   Total Energy
    1.99072e+03    6.67976e+02   -3.00610e+05    5.65786e+04   -2.44031e+05
  Conserved En.    Temperature Pres. DC (bar) Pressure (bar)   Constr. rmsd
   -2.74610e+05    2.98327e+02   -2.22343e+02   -1.02239e+02    2.71139e-06

           Step           Time
           3000        6.00000

   Energies (kJ/mol)
           Bond            U-B    Proper Dih.  Improper Dih.      CMAP Dih.
    1.49157e+03    3.85503e+03    5.02387e+03    2.37885e+02   -8.29933e+01
          LJ-14     Coulomb-14        LJ (SR)  Disper. corr.   Coulomb (SR)
    1.33244e+03    1.41877e+04    4.79676e+04   -3.01070e+03   -3.74834e+05
   Coul. recip. Position Rest.      Potential    Kinetic En.   Total Energy
    2.01886e+03    6.47229e+02   -3.01166e+05    5.69419e+04   -2.44224e+05
  Conserved En.    Temperature Pres. DC (bar) Pressure (bar)   Constr. rmsd
   -2.74592e+05    3.00243e+02   -2.22343e+02   -3.68090e+01    2.40990e-06

           Step           Time
           3500        7.00000

   Energies (kJ/mol)
           Bond            U-B    Proper Dih.  Improper Dih.      CMAP Dih.
    1.53407e+03    3.86669e+03    4.98447e+03    2.72363e+02   -1.20368e+02
          LJ-14     Coulomb-14        LJ (SR)  Disper. corr.   Coulomb (SR)
    1.36694e+03    1.40560e+04    4.73214e+04   -3.01070e+03   -3.72375e+05
   Coul. recip. Position Rest.      Potential    Kinetic En.   Total Energy
    2.09068e+03    5.92611e+02   -2.99421e+05    5.66226e+04   -2.42799e+05
  Conserved En.    Temperature Pres. DC (bar) Pressure (bar)   Constr. rmsd
   -2.74596e+05    2.98559e+02   -2.22343e+02    3.78024e+02    2.86373e-06

           Step           Time
           4000        8.00000

   Energies (kJ/mol)
           Bond            U-B    Proper Dih.  Improper Dih.      CMAP Dih.
    1.54136e+03    4.05704e+03    4.94964e+03    2.65479e+02   -1.20235e+02
          LJ-14     Coulomb-14        LJ (SR)  Disper. corr.   Coulomb (SR)
    1.37469e+03    1.40041e+04    4.73399e+04   -3.01070e+03   -3.71945e+05
   Coul. recip. Position Rest.      Potential    Kinetic En.   Total Energy
    1.98804e+03    6.76031e+02   -2.98879e+05    5.72462e+04   -2.41633e+05
  Conserved En.    Temperature Pres. DC (bar) Pressure (bar)   Constr. rmsd
   -2.74601e+05    3.01847e+02   -2.22343e+02   -1.60720e+01    2.54039e-06

           Step           Time
           4500        9.00000

   Energies (kJ/mol)
           Bond            U-B    Proper Dih.  Improper Dih.      CMAP Dih.
    1.48764e+03    3.92629e+03    4.84946e+03    3.01767e+02   -1.15509e+02
          LJ-14     Coulomb-14        LJ (SR)  Disper. corr.   Coulomb (SR)
    1.34296e+03    1.41972e+04    4.63864e+04   -3.01070e+03   -3.72485e+05
   Coul. recip. Position Rest.      Potential    Kinetic En.   Total Energy
    2.05494e+03    6.44529e+02   -3.00420e+05    5.74321e+04   -2.42988e+05
  Conserved En.    Temperature Pres. DC (bar) Pressure (bar)   Constr. rmsd
   -2.74607e+05    3.02828e+02   -2.22343e+02   -3.15750e+02    2.33129e-06

           Step           Time
           5000       10.00000

   Energies (kJ/mol)
           Bond            U-B    Proper Dih.  Improper Dih.      CMAP Dih.
    1.41962e+03    3.83053e+03    5.04244e+03    2.66368e+02   -1.35541e+02
          LJ-14     Coulomb-14        LJ (SR)  Disper. corr.   Coulomb (SR)
    1.36952e+03    1.42664e+04    4.72629e+04   -3.01070e+03   -3.74276e+05
   Coul. recip. Position Rest.      Potential    Kinetic En.   Total Energy
    1.95562e+03    6.58883e+02   -3.01350e+05    5.69916e+04   -2.44358e+05
  Conserved En.    Temperature Pres. DC (bar) Pressure (bar)   Constr. rmsd
   -2.74610e+05    3.00505e+02   -2.22343e+02   -2.86301e+02    2.47526e-06

           Step           Time
           5500       11.00000

   Energies (kJ/mol)
           Bond            U-B    Proper Dih.  Improper Dih.      CMAP Dih.
    1.45921e+03    3.85877e+03    4.89363e+03    2.35090e+02   -1.46900e+02
          LJ-14     Coulomb-14        LJ (SR)  Disper. corr.   Coulomb (SR)
    1.39309e+03    1.41689e+04    4.89851e+04   -3.01070e+03   -3.75747e+05
   Coul. recip. Position Rest.      Potential    Kinetic En.   Total Energy
    1.99598e+03    6.55332e+02   -3.01259e+05    5.66794e+04   -2.44580e+05
  Conserved En.    Temperature Pres. DC (bar) Pressure (bar)   Constr. rmsd
   -2.74607e+05    2.98859e+02   -2.22343e+02   -2.06349e+02    2.34609e-06

           Step           Time
           6000       12.00000

   Energies (kJ/mol)
           Bond            U-B    Proper Dih.  Improper Dih.      CMAP Dih.
    1.44675e+03    3.82341e+03    4.93153e+03    2.30631e+02   -1.11436e+02
          LJ-14     Coulomb-14        LJ (SR)  Disper. corr.   Coulomb (SR)
    1.31459e+03    1.43606e+04    4.75513e+04   -3.01070e+03   -3.74380e+05
   Coul. recip. Position Rest.      Potential    Kinetic En.   Total Energy
    1.99942e+03    6.60931e+02   -3.01183e+05    5.61932e+04   -2.44989e+05
  Conserved En.    Temperature Pres. DC (bar) Pressure (bar)   Constr. rmsd
   -2.74597e+05    2.96295e+02   -2.22343e+02    1.13863e+01    2.37731e-06

           Step           Time
           6500       13.00000

   Energies (kJ/mol)
           Bond            U-B    Proper Dih.  Improper Dih.      CMAP Dih.
    1.43147e+03    3.93268e+03    4.95729e+03    2.61590e+02   -1.13982e+02
          LJ-14     Coulomb-14        LJ (SR)  Disper. corr.   Coulomb (SR)
    1.35579e+03    1.43040e+04    4.80323e+04   -3.01070e+03   -3.73700e+05
   Coul. recip. Position Rest.      Potential    Kinetic En.   Total Energy
    2.00663e+03    6.09034e+02   -2.99934e+05    5.71218e+04   -2.42812e+05
  Conserved En.    Temperature Pres. DC (bar) Pressure (bar)   Constr. rmsd
   -2.74593e+05    3.01191e+02   -2.22343e+02    2.65809e+02    2.73733e-06

           Step           Time
           7000       14.00000

   Energies (kJ/mol)
           Bond            U-B    Proper Dih.  Improper Dih.      CMAP Dih.
    1.45722e+03    3.90361e+03    4.93809e+03    2.55844e+02   -1.26668e+02
          LJ-14     Coulomb-14        LJ (SR)  Disper. corr.   Coulomb (SR)
    1.35065e+03    1.41371e+04    4.73891e+04   -3.01070e+03   -3.74679e+05
   Coul. recip. Position Rest.      Potential    Kinetic En.   Total Energy
    2.06899e+03    6.26224e+02   -3.01689e+05    5.64504e+04   -2.45239e+05
  Conserved En.    Temperature Pres. DC (bar) Pressure (bar)   Constr. rmsd
   -2.74602e+05    2.97651e+02   -2.22343e+02    3.85582e+01    2.48061e-06

           Step           Time
           7500       15.00000

   Energies (kJ/mol)
           Bond            U-B    Proper Dih.  Improper Dih.      CMAP Dih.
    1.48917e+03    3.98157e+03    4.86661e+03    2.46585e+02   -1.31596e+02
          LJ-14     Coulomb-14        LJ (SR)  Disper. corr.   Coulomb (SR)
    1.34743e+03    1.41437e+04    4.65971e+04   -3.01070e+03   -3.71218e+05
   Coul. recip. Position Rest.      Potential    Kinetic En.   Total Energy
    2.05594e+03    6.25005e+02   -2.99007e+05    5.70381e+04   -2.41968e+05
  Conserved En.    Temperature Pres. DC (bar) Pressure (bar)   Constr. rmsd
   -2.74609e+05    3.00750e+02   -2.22343e+02   -1.14303e+02    3.04513e-06

           Step           Time
           8000       16.00000

   Energies (kJ/mol)
           Bond            U-B    Proper Dih.  Improper Dih.      CMAP Dih.
    1.45931e+03    3.99843e+03    4.96602e+03    2.69347e+02   -1.27552e+02
          LJ-14     Coulomb-14        LJ (SR)  Disper. corr.   Coulomb (SR)
    1.37497e+03    1.41257e+04    4.70042e+04   -3.01070e+03   -3.73056e+05
   Coul. recip. Position Rest.      Potential    Kinetic En.   Total Energy
    2.02737e+03    6.60504e+02   -3.00309e+05    5.70158e+04   -2.43293e+05
  Conserved En.    Temperature Pres. DC (bar) Pressure (bar)   Constr. rmsd
   -2.74611e+05    3.00632e+02   -2.22343e+02   -1.31964e+02    2.62311e-06

           Step           Time
           8500       17.00000

   Energies (kJ/mol)
           Bond            U-B    Proper Dih.  Improper Dih.      CMAP Dih.
    1.42429e+03    3.90679e+03    4.96728e+03    2.71541e+02   -1.01832e+02
          LJ-14     Coulomb-14        LJ (SR)  Disper. corr.   Coulomb (SR)
    1.41725e+03    1.41584e+04    4.74030e+04   -3.01070e+03   -3.73647e+05
   Coul. recip. Position Rest.      Potential    Kinetic En.   Total Energy
    2.05046e+03    6.11496e+02   -3.00549e+05    5.69600e+04   -2.43589e+05
  Conserved En.    Temperature Pres. DC (bar) Pressure (bar)   Constr. rmsd
   -2.74592e+05    3.00338e+02   -2.22343e+02    2.80737e+02    2.50211e-06

           Step           Time
           9000       18.00000

   Energies (kJ/mol)
           Bond            U-B    Proper Dih.  Improper Dih.      CMAP Dih.
    1.46987e+03    3.85377e+03    5.03860e+03    2.48080e+02   -8.50846e+01
          LJ-14     Coulomb-14        LJ (SR)  Disper. corr.   Coulomb (SR)
    1.36732e+03    1.41913e+04    4.61490e+04   -3.01070e+03   -3.71920e+05
   Coul. recip. Position Rest.      Potential    Kinetic En.   Total Energy
    2.04438e+03    6.23618e+02   -3.00030e+05    5.72655e+04   -2.42764e+05
  Conserved En.    Temperature Pres. DC (bar) Pressure (bar)   Constr. rmsd
   -2.74618e+05    3.01949e+02   -2.22343e+02   -3.33961e+02    2.61722e-06

           Step           Time
           9500       19.00000

   Energies (kJ/mol)
           Bond            U-B    Proper Dih.  Improper Dih.      CMAP Dih.
    1.51283e+03    3.87134e+03    4.94402e+03    2.45811e+02   -1.33511e+02
          LJ-14     Coulomb-14        LJ (SR)  Disper. corr.   Coulomb (SR)
    1.38829e+03    1.40936e+04    4.62310e+04   -3.01070e+03   -3.71825e+05
   Coul. recip. Position Rest.      Potential    Kinetic En.   Total Energy
    2.06425e+03    6.67489e+02   -2.99951e+05    5.67598e+04   -2.43191e+05
  Conserved En.    Temperature Pres. DC (bar) Pressure (bar)   Constr. rmsd
   -2.74604e+05    2.99282e+02   -2.22343e+02   -2.62753e+01    2.44240e-06

           Step           Time
          10000       20.00000

   Energies (kJ/mol)
           Bond            U-B    Proper Dih.  Improper Dih.      CMAP Dih.
    1.49794e+03    3.90952e+03    4.92607e+03    2.00920e+02   -1.16303e+02
          LJ-14     Coulomb-14        LJ (SR)  Disper. corr.   Coulomb (SR)
    1.39271e+03    1.43728e+04    4.68442e+04   -3.01070e+03   -3.72972e+05
   Coul. recip. Position Rest.      Potential    Kinetic En.   Total Energy
    2.06281e+03    6.80537e+02   -3.00211e+05    5.72846e+04   -2.42927e+05
  Conserved En.    Temperature Pres. DC (bar) Pressure (bar)   Constr. rmsd
   -2.74597e+05    3.02050e+02   -2.22343e+02   -2.98142e+02    2.48460e-06

           Step           Time
          10500       21.00000

   Energies (kJ/mol)
           Bond            U-B    Proper Dih.  Improper Dih.      CMAP Dih.
    1.55425e+03    4.03052e+03    4.90760e+03    2.12825e+02   -1.14837e+02
          LJ-14     Coulomb-14        LJ (SR)  Disper. corr.   Coulomb (SR)
    1.39900e+03    1.39263e+04    4.76431e+04   -3.01070e+03   -3.72318e+05
   Coul. recip. Position Rest.      Potential    Kinetic En.   Total Energy
    2.05356e+03    6.56879e+02   -2.99060e+05    5.70895e+04   -2.41970e+05
  Conserved En.    Temperature Pres. DC (bar) Pressure (bar)   Constr. rmsd
   -2.74593e+05    3.01021e+02   -2.22343e+02    6.35072e+01    2.56733e-06

           Step           Time
          11000       22.00000

   Energies (kJ/mol)
           Bond            U-B    Proper Dih.  Improper Dih.      CMAP Dih.
    1.55613e+03    4.01526e+03    4.89492e+03    2.62799e+02   -8.68997e+01
          LJ-14     Coulomb-14        LJ (SR)  Disper. corr.   Coulomb (SR)
    1.36824e+03    1.39888e+04    4.79967e+04   -3.01070e+03   -3.74236e+05
   Coul. recip. Position Rest.      Potential    Kinetic En.   Total Energy
    2.05812e+03    6.75985e+02   -3.00517e+05    5.75540e+04   -2.42963e+05
  Conserved En.    Temperature Pres. DC (bar) Pressure (bar)   Constr. rmsd
   -2.74594e+05    3.03470e+02   -2.22343e+02    3.02819e+02    2.92817e-06

           Step           Time
          11500       23.00000

   Energies (kJ/mol)
           Bond            U-B    Proper Dih.  Improper Dih.      CMAP Dih.
    1.40047e+03    3.86590e+03    4.95704e+03    2.32686e+02   -9.96317e+01
          LJ-14     Coulomb-14        LJ (SR)  Disper. corr.   Coulomb (SR)
    1.39114e+03    1.43776e+04    4.74799e+04   -3.01070e+03   -3.74113e+05
   Coul. recip. Position Rest.      Potential    Kinetic En.   Total Energy
    2.09402e+03    6.28528e+02   -3.00796e+05    5.64497e+04   -2.44346e+05
  Conserved En.    Temperature Pres. DC (bar) Pressure (bar)   Constr. rmsd
   -2.74593e+05    2.97648e+02   -2.22343e+02    1.96969e+02    2.68513e-06

           Step           Time
          12000       24.00000

   Energies (kJ/mol)
           Bond            U-B    Proper Dih.  Improper Dih.      CMAP Dih.
    1.52759e+03    3.85628e+03    4.93582e+03    1.99368e+02   -8.97798e+01
          LJ-14     Coulomb-14        LJ (SR)  Disper. corr.   Coulomb (SR)
    1.38308e+03    1.41589e+04    4.67186e+04   -3.01070e+03   -3.73264e+05
   Coul. recip. Position Rest.      Potential    Kinetic En.   Total Energy
    2.04635e+03    6.03987e+02   -3.00934e+05    5.71453e+04   -2.43789e+05
  Conserved En.    Temperature Pres. DC (bar) Pressure (bar)   Constr. rmsd
   -2.74593e+05    3.01315e+02   -2.22343e+02   -2.78459e+02    2.60158e-06

           Step           Time
          12500       25.00000

   Energies (kJ/mol)
           Bond            U-B    Proper Dih.  Improper Dih.      CMAP Dih.
    1.48964e+03    3.89310e+03    4.92716e+03    2.67381e+02   -1.31929e+02
          LJ-14     Coulomb-14        LJ (SR)  Disper. corr.   Coulomb (SR)
    1.33124e+03    1.43010e+04    4.71903e+04   -3.01070e+03   -3.73873e+05
   Coul. recip. Position Rest.      Potential    Kinetic En.   Total Energy
    1.96535e+03    6.33759e+02   -3.01017e+05    5.67416e+04   -2.44275e+05
  Conserved En.    Temperature Pres. DC (bar) Pressure (bar)   Constr. rmsd
   -2.74605e+05    2.99186e+02   -2.22343e+02   -5.78995e+02    2.65762e-06

           Step           Time
          13000       26.00000

   Energies (kJ/mol)
           Bond            U-B    Proper Dih.  Improper Dih.      CMAP Dih.
    1.37108e+03    4.05554e+03    4.88667e+03    2.36749e+02   -1.24808e+02
          LJ-14     Coulomb-14        LJ (SR)  Disper. corr.   Coulomb (SR)
    1.38005e+03    1.43135e+04    4.71959e+04   -3.01070e+03   -3.73017e+05
   Coul. recip. Position Rest.      Potential    Kinetic En.   Total Energy
    2.02262e+03    6.52342e+02   -3.00038e+05    5.77880e+04   -2.42250e+05
  Conserved En.    Temperature Pres. DC (bar) Pressure (bar)   Constr. rmsd
   -2.74608e+05    3.04704e+02   -2.22343e+02   -1.58321e+02    2.65013e-06

           Step           Time
          13500       27.00000

   Energies (kJ/mol)
           Bond            U-B    Proper Dih.  Improper Dih.      CMAP Dih.
    1.44432e+03    3.98186e+03    4.90719e+03    2.37689e+02   -1.23713e+02
          LJ-14     Coulomb-14        LJ (SR)  Disper. corr.   Coulomb (SR)
    1.34231e+03    1.44230e+04    4.68875e+04   -3.01070e+03   -3.73602e+05
   Coul. recip. Position Rest.      Potential    Kinetic En.   Total Energy
    2.01489e+03    6.39331e+02   -3.00859e+05    5.63988e+04   -2.44460e+05
  Conserved En.    Temperature Pres. DC (bar) Pressure (bar)   Constr. rmsd
   -2.74612e+05    2.97379e+02   -2.22343e+02   -4.74140e+02    2.39073e-06

           Step           Time
          14000       28.00000

   Energies (kJ/mol)
           Bond            U-B    Proper Dih.  Improper Dih.      CMAP Dih.
    1.57636e+03    4.08430e+03    4.92446e+03    2.25685e+02   -1.19486e+02
          LJ-14     Coulomb-14        LJ (SR)  Disper. corr.   Coulomb (SR)
    1.35523e+03    1.43938e+04    4.71470e+04   -3.01070e+03   -3.72567e+05
   Coul. recip. Position Rest.      Potential    Kinetic En.   Total Energy
    2.05472e+03    6.86665e+02   -2.99249e+05    5.71801e+04   -2.42069e+05
  Conserved En.    Temperature Pres. DC (bar) Pressure (bar)   Constr. rmsd
   -2.74599e+05    3.01499e+02   -2.22343e+02    2.19115e+02    2.61938e-06

           Step           Time
          14500       29.00000

   Energies (kJ/mol)
           Bond            U-B    Proper Dih.  Improper Dih.      CMAP Dih.
    1.37782e+03    4.12217e+03    4.95100e+03    2.45762e+02   -1.27715e+02
          LJ-14     Coulomb-14        LJ (SR)  Disper. corr.   Coulomb (SR)
    1.32110e+03    1.41141e+04    4.76567e+04   -3.01070e+03   -3.74008e+05
   Coul. recip. Position Rest.      Potential    Kinetic En.   Total Energy
    2.05476e+03    7.05462e+02   -3.00598e+05    5.72368e+04   -2.43361e+05
  Conserved En.    Temperature Pres. DC (bar) Pressure (bar)   Constr. rmsd
   -2.74603e+05    3.01798e+02   -2.22343e+02   -2.11906e+02    2.62875e-06

           Step           Time
          15000       30.00000

   Energies (kJ/mol)
           Bond            U-B    Proper Dih.  Improper Dih.      CMAP Dih.
    1.34664e+03    4.11785e+03    4.95982e+03    3.05684e+02   -1.52510e+02
          LJ-14     Coulomb-14        LJ (SR)  Disper. corr.   Coulomb (SR)
    1.39345e+03    1.42677e+04    4.66838e+04   -3.01070e+03   -3.72281e+05
   Coul. recip. Position Rest.      Potential    Kinetic En.   Total Energy
    2.02878e+03    6.53266e+02   -2.99687e+05    5.74417e+04   -2.42245e+05
  Conserved En.    Temperature Pres. DC (bar) Pressure (bar)   Constr. rmsd
   -2.74616e+05    3.02878e+02   -2.22343e+02    1.67565e+02    2.93990e-06

           Step           Time
          15500       31.00000

   Energies (kJ/mol)
           Bond            U-B    Proper Dih.  Improper Dih.      CMAP Dih.
    1.47040e+03    4.17337e+03    4.90734e+03    2.54005e+02   -1.12706e+02
          LJ-14     Coulomb-14        LJ (SR)  Disper. corr.   Coulomb (SR)
    1.35911e+03    1.40633e+04    4.69911e+04   -3.01070e+03   -3.74092e+05
   Coul. recip. Position Rest.      Potential    Kinetic En.   Total Energy
    2.02517e+03    6.76815e+02   -3.01295e+05    5.71705e+04   -2.44125e+05
  Conserved En.    Temperature Pres. DC (bar) Pressure (bar)   Constr. rmsd
   -2.74588e+05    3.01448e+02   -2.22343e+02   -5.05097e+01    2.37929e-06

           Step           Time
          16000       32.00000

   Energies (kJ/mol)
           Bond            U-B    Proper Dih.  Improper Dih.      CMAP Dih.
    1.47815e+03    3.94624e+03    4.88277e+03    2.25621e+02   -1.28341e+02
          LJ-14     Coulomb-14        LJ (SR)  Disper. corr.   Coulomb (SR)
    1.37484e+03    1.41948e+04    4.74570e+04   -3.01070e+03   -3.74594e+05
   Coul. recip. Position Rest.      Potential    Kinetic En.   Total Energy
    2.06083e+03    6.29854e+02   -3.01483e+05    5.59671e+04   -2.45515e+05
  Conserved En.    Temperature Pres. DC (bar) Pressure (bar)   Constr. rmsd
   -2.74592e+05    2.95103e+02   -2.22343e+02    2.24790e+02    2.36980e-06

           Step           Time
          16500       33.00000

   Energies (kJ/mol)
           Bond            U-B    Proper Dih.  Improper Dih.      CMAP Dih.
    1.52606e+03    4.06010e+03    4.89514e+03    2.62303e+02   -1.06769e+02
          LJ-14     Coulomb-14        LJ (SR)  Disper. corr.   Coulomb (SR)
    1.37000e+03    1.42046e+04    4.73545e+04   -3.01070e+03   -3.73785e+05
   Coul. recip. Position Rest.      Potential    Kinetic En.   Total Energy
    2.02138e+03    6.49511e+02   -3.00559e+05    5.72479e+04   -2.43311e+05
  Conserved En.    Temperature Pres. DC (bar) Pressure (bar)   Constr. rmsd
   -2.74587e+05    3.01856e+02   -2.22343e+02    8.85178e+00    2.44813e-06

           Step           Time
          17000       34.00000

   Energies (kJ/mol)
           Bond            U-B    Proper Dih.  Improper Dih.      CMAP Dih.
    1.39310e+03    3.93274e+03    4.88053e+03    2.27879e+02   -9.85369e+01
          LJ-14     Coulomb-14        LJ (SR)  Disper. corr.   Coulomb (SR)
    1.40495e+03    1.42141e+04    4.65597e+04   -3.01070e+03   -3.72609e+05
   Coul. recip. Position Rest.      Potential    Kinetic En.   Total Energy
    2.01177e+03    5.66173e+02   -3.00527e+05    5.69515e+04   -2.43575e+05
  Conserved En.    Temperature Pres. DC (bar) Pressure (bar)   Constr. rmsd
   -2.74606e+05    3.00293e+02   -2.22343e+02   -4.43532e+02    2.33378e-06

           Step           Time
          17500       35.00000

   Energies (kJ/mol)
           Bond            U-B    Proper Dih.  Improper Dih.      CMAP Dih.
    1.47710e+03    4.15254e+03    4.98220e+03    2.62037e+02   -1.30829e+02
          LJ-14     Coulomb-14        LJ (SR)  Disper. corr.   Coulomb (SR)
    1.38354e+03    1.40612e+04    4.64264e+04   -3.01070e+03   -3.71845e+05
   Coul. recip. Position Rest.      Potential    Kinetic En.   Total Energy
    2.07463e+03    6.18271e+02   -2.99548e+05    5.67699e+04   -2.42779e+05
  Conserved En.    Temperature Pres. DC (bar) Pressure (bar)   Constr. rmsd
   -2.74589e+05    2.99336e+02   -2.22343e+02   -6.54547e+01    2.82860e-06

           Step           Time
          18000       36.00000

   Energies (kJ/mol)
           Bond            U-B    Proper Dih.  Improper Dih.      CMAP Dih.
    1.42413e+03    4.07013e+03    4.93252e+03    2.61694e+02   -1.29285e+02
          LJ-14     Coulomb-14        LJ (SR)  Disper. corr.   Coulomb (SR)
    1.38205e+03    1.42511e+04    4.68113e+04   -3.01070e+03   -3.72426e+05
   Coul. recip. Position Rest.      Potential    Kinetic En.   Total Energy
    2.17252e+03    7.00235e+02   -2.99560e+05    5.68766e+04   -2.42684e+05
  Conserved En.    Temperature Pres. DC (bar) Pressure (bar)   Constr. rmsd
   -2.74597e+05    2.99898e+02   -2.22343e+02   -2.46019e+02    2.77581e-06

           Step           Time
          18500       37.00000

   Energies (kJ/mol)
           Bond            U-B    Proper Dih.  Improper Dih.      CMAP Dih.
    1.48160e+03    3.85317e+03    4.89967e+03    2.49380e+02   -1.21062e+02
          LJ-14     Coulomb-14        LJ (SR)  Disper. corr.   Coulomb (SR)
    1.40218e+03    1.43096e+04    4.69987e+04   -3.01070e+03   -3.72890e+05
   Coul. recip. Position Rest.      Potential    Kinetic En.   Total Energy
    2.02371e+03    6.98673e+02   -3.00105e+05    5.66570e+04   -2.43448e+05
  Conserved En.    Temperature Pres. DC (bar) Pressure (bar)   Constr. rmsd
   -2.74583e+05    2.98741e+02   -2.22343e+02    3.17105e+01    2.36286e-06

           Step           Time
          19000       38.00000

   Energies (kJ/mol)
           Bond            U-B    Proper Dih.  Improper Dih.      CMAP Dih.
    1.43608e+03    4.07717e+03    4.87664e+03    2.65524e+02   -9.32031e+01
          LJ-14     Coulomb-14        LJ (SR)  Disper. corr.   Coulomb (SR)
    1.38087e+03    1.42215e+04    4.73498e+04   -3.01070e+03   -3.73475e+05
   Coul. recip. Position Rest.      Potential    Kinetic En.   Total Energy
    2.02684e+03    5.80184e+02   -3.00364e+05    5.68742e+04   -2.43490e+05
  Conserved En.    Temperature Pres. DC (bar) Pressure (bar)   Constr. rmsd
   -2.74583e+05    2.99886e+02   -2.22343e+02    1.06707e+02    2.36037e-06

           Step           Time
          19500       39.00000

   Energies (kJ/mol)
           Bond            U-B    Proper Dih.  Improper Dih.      CMAP Dih.
    1.45490e+03    3.97760e+03    4.99201e+03    2.60124e+02   -1.21392e+02
          LJ-14     Coulomb-14        LJ (SR)  Disper. corr.   Coulomb (SR)
    1.38156e+03    1.43572e+04    4.81922e+04   -3.01070e+03   -3.74602e+05
   Coul. recip. Position Rest.      Potential    Kinetic En.   Total Energy
    1.97091e+03    6.53295e+02   -3.00495e+05    5.72064e+04   -2.43288e+05
  Conserved En.    Temperature Pres. DC (bar) Pressure (bar)   Constr. rmsd
   -2.74594e+05    3.01637e+02   -2.22343e+02    3.40431e+01    2.99280e-06

           Step           Time
          20000       40.00000

   Energies (kJ/mol)
           Bond            U-B    Proper Dih.  Improper Dih.      CMAP Dih.
    1.44650e+03    3.83362e+03    4.93472e+03    2.42683e+02   -1.39987e+02
          LJ-14     Coulomb-14        LJ (SR)  Disper. corr.   Coulomb (SR)
    1.31922e+03    1.41670e+04    4.65504e+04   -3.01070e+03   -3.71699e+05
   Coul. recip. Position Rest.      Potential    Kinetic En.   Total Energy
    1.99303e+03    5.90162e+02   -2.99773e+05    5.63315e+04   -2.43441e+05
  Conserved En.    Temperature Pres. DC (bar) Pressure (bar)   Constr. rmsd
   -2.74603e+05    2.97024e+02   -2.22343e+02   -3.93451e+02    2.82870e-06

           Step           Time
          20500       41.00000

   Energies (kJ/mol)
           Bond            U-B    Proper Dih.  Improper Dih.      CMAP Dih.
    1.49384e+03    4.02250e+03    4.98890e+03    2.62087e+02   -1.33410e+02
          LJ-14     Coulomb-14        LJ (SR)  Disper. corr.   Coulomb (SR)
    1.34633e+03    1.42407e+04    4.81042e+04   -3.01070e+03   -3.74597e+05
   Coul. recip. Position Rest.      Potential    Kinetic En.   Total Energy
    1.98103e+03    6.25464e+02   -3.00676e+05    5.72428e+04   -2.43433e+05
  Conserved En.    Temperature Pres. DC (bar) Pressure (bar)   Constr. rmsd
   -2.74592e+05    3.01829e+02   -2.22343e+02    2.24039e+02    2.57794e-06

           Step           Time
          21000       42.00000

   Energies (kJ/mol)
           Bond            U-B    Proper Dih.  Improper Dih.      CMAP Dih.
    1.45775e+03    4.04483e+03    4.88566e+03    2.51748e+02   -1.21933e+02
          LJ-14     Coulomb-14        LJ (SR)  Disper. corr.   Coulomb (SR)
    1.35808e+03    1.42499e+04    4.78204e+04   -3.01070e+03   -3.73790e+05
   Coul. recip. Position Rest.      Potential    Kinetic En.   Total Energy
    2.04166e+03    6.46013e+02   -3.00167e+05    5.70488e+04   -2.43118e+05
  Conserved En.    Temperature Pres. DC (bar) Pressure (bar)   Constr. rmsd
   -2.74586e+05    3.00806e+02   -2.22343e+02    1.48042e+02    2.73421e-06

           Step           Time
          21500       43.00000

   Energies (kJ/mol)
           Bond            U-B    Proper Dih.  Improper Dih.      CMAP Dih.
    1.45411e+03    3.99285e+03    5.05089e+03    2.34239e+02   -1.32505e+02
          LJ-14     Coulomb-14        LJ (SR)  Disper. corr.   Coulomb (SR)
    1.41010e+03    1.41636e+04    4.86303e+04   -3.01070e+03   -3.75198e+05
   Coul. recip. Position Rest.      Potential    Kinetic En.   Total Energy
    2.02360e+03    6.98008e+02   -3.00684e+05    5.68186e+04   -2.43865e+05
  Conserved En.    Temperature Pres. DC (bar) Pressure (bar)   Constr. rmsd
   -2.74565e+05    2.99593e+02   -2.22343e+02    4.33240e+02    2.76476e-06

           Step           Time
          22000       44.00000

   Energies (kJ/mol)
           Bond            U-B    Proper Dih.  Improper Dih.      CMAP Dih.
    1.54012e+03    3.84748e+03    4.97092e+03    2.40251e+02   -1.31817e+02
          LJ-14     Coulomb-14        LJ (SR)  Disper. corr.   Coulomb (SR)
    1.32882e+03    1.40504e+04    4.70561e+04   -3.01070e+03   -3.73606e+05
   Coul. recip. Position Rest.      Potential    Kinetic En.   Total Energy
    2.03589e+03    6.64538e+02   -3.01014e+05    5.66886e+04   -2.44326e+05
  Conserved En.    Temperature Pres. DC (bar) Pressure (bar)   Constr. rmsd
   -2.74588e+05    2.98907e+02   -2.22343e+02   -3.38584e+02    2.35098e-06

           Step           Time
          22500       45.00000

   Energies (kJ/mol)
           Bond            U-B    Proper Dih.  Improper Dih.      CMAP Dih.
    1.46112e+03    3.84290e+03    4.99619e+03    2.93003e+02   -1.05868e+02
          LJ-14     Coulomb-14        LJ (SR)  Disper. corr.   Coulomb (SR)
    1.34652e+03    1.41813e+04    4.69477e+04   -3.01070e+03   -3.73292e+05
   Coul. recip. Position Rest.      Potential    Kinetic En.   Total Energy
    2.02126e+03    6.36652e+02   -3.00682e+05    5.63736e+04   -2.44309e+05
  Conserved En.    Temperature Pres. DC (bar) Pressure (bar)   Constr. rmsd
   -2.74581e+05    2.97246e+02   -2.22343e+02    1.51612e+01    2.42789e-06

           Step           Time
          23000       46.00000

   Energies (kJ/mol)
           Bond            U-B    Proper Dih.  Improper Dih.      CMAP Dih.
    1.52994e+03    4.00123e+03    4.95616e+03    2.83022e+02   -1.20288e+02
          LJ-14     Coulomb-14        LJ (SR)  Disper. corr.   Coulomb (SR)
    1.38576e+03    1.40823e+04    4.79552e+04   -3.01070e+03   -3.73382e+05
   Coul. recip. Position Rest.      Potential    Kinetic En.   Total Energy
    2.00958e+03    6.43069e+02   -2.99667e+05    5.68467e+04   -2.42820e+05
  Conserved En.    Temperature Pres. DC (bar) Pressure (bar)   Constr. rmsd
   -2.74580e+05    2.99741e+02   -2.22343e+02    2.91546e+02    2.31516e-06

           Step           Time
          23500       47.00000

   Energies (kJ/mol)
           Bond            U-B    Proper Dih.  Improper Dih.      CMAP Dih.
    1.44190e+03    4.00790e+03    4.95374e+03    2.53263e+02   -1.10305e+02
          LJ-14     Coulomb-14        LJ (SR)  Disper. corr.   Coulomb (SR)
    1.35188e+03    1.42905e+04    4.65820e+04   -3.01070e+03   -3.71955e+05
   Coul. recip. Position Rest.      Potential    Kinetic En.   Total Energy
    2.03101e+03    6.94121e+02   -2.99470e+05    5.75263e+04   -2.41943e+05
  Conserved En.    Temperature Pres. DC (bar) Pressure (bar)   Constr. rmsd
   -2.74594e+05    3.03324e+02   -2.22343e+02    1.50881e+02    2.73895e-06

           Step           Time
          24000       48.00000

   Energies (kJ/mol)
           Bond            U-B    Proper Dih.  Improper Dih.      CMAP Dih.
    1.44123e+03    3.90430e+03    4.94226e+03    2.71849e+02   -1.00677e+02
          LJ-14     Coulomb-14        LJ (SR)  Disper. corr.   Coulomb (SR)
    1.38868e+03    1.44515e+04    4.79362e+04   -3.01070e+03   -3.74108e+05
   Coul. recip. Position Rest.      Potential    Kinetic En.   Total Energy
    2.06051e+03    6.98085e+02   -3.00125e+05    5.74225e+04   -2.42702e+05
  Conserved En.    Temperature Pres. DC (bar) Pressure (bar)   Constr. rmsd
   -2.74589e+05    3.02777e+02   -2.22343e+02    2.17772e+02    2.65499e-06

           Step           Time
          24500       49.00000

   Energies (kJ/mol)
           Bond            U-B    Proper Dih.  Improper Dih.      CMAP Dih.
    1.46096e+03    4.14289e+03    4.97323e+03    2.53538e+02   -1.41868e+02
          LJ-14     Coulomb-14        LJ (SR)  Disper. corr.   Coulomb (SR)
    1.37331e+03    1.42711e+04    4.73494e+04   -3.01070e+03   -3.73365e+05
   Coul. recip. Position Rest.      Potential    Kinetic En.   Total Energy
    2.00402e+03    6.25447e+02   -3.00063e+05    5.65151e+04   -2.43548e+05
  Conserved En.    Temperature Pres. DC (bar) Pressure (bar)   Constr. rmsd
   -2.74567e+05    2.97992e+02   -2.22343e+02   -1.95682e+02    2.39048e-06

           Step           Time
          25000       50.00000

   Energies (kJ/mol)
           Bond            U-B    Proper Dih.  Improper Dih.      CMAP Dih.
    1.55125e+03    3.87271e+03    4.96261e+03    2.81254e+02   -1.16246e+02
          LJ-14     Coulomb-14        LJ (SR)  Disper. corr.   Coulomb (SR)
    1.34395e+03    1.41489e+04    4.72626e+04   -3.01070e+03   -3.72808e+05
   Coul. recip. Position Rest.      Potential    Kinetic En.   Total Energy
    2.04005e+03    6.56025e+02   -2.99816e+05    5.71284e+04   -2.42687e+05
  Conserved En.    Temperature Pres. DC (bar) Pressure (bar)   Constr. rmsd
   -2.74591e+05    3.01226e+02   -2.22343e+02    1.93267e+02    2.96797e-06

           Step           Time
          25500       51.00000

   Energies (kJ/mol)
           Bond            U-B    Proper Dih.  Improper Dih.      CMAP Dih.
    1.44493e+03    4.03475e+03    4.95304e+03    2.41070e+02   -1.08283e+02
          LJ-14     Coulomb-14        LJ (SR)  Disper. corr.   Coulomb (SR)
    1.36556e+03    1.43069e+04    4.75030e+04   -3.01070e+03   -3.73263e+05
   Coul. recip. Position Rest.      Potential    Kinetic En.   Total Energy
    2.06841e+03    6.56487e+02   -2.99808e+05    5.75571e+04   -2.42251e+05
  Conserved En.    Temperature Pres. DC (bar) Pressure (bar)   Constr. rmsd
   -2.74587e+05    3.03486e+02   -2.22343e+02   -1.92104e+02    2.87301e-06

           Step           Time
          26000       52.00000

   Energies (kJ/mol)
           Bond            U-B    Proper Dih.  Improper Dih.      CMAP Dih.
    1.56570e+03    3.91694e+03    5.03003e+03    2.65482e+02   -1.39767e+02
          LJ-14     Coulomb-14        LJ (SR)  Disper. corr.   Coulomb (SR)
    1.37031e+03    1.42598e+04    4.65752e+04   -3.01070e+03   -3.72806e+05
   Coul. recip. Position Rest.      Potential    Kinetic En.   Total Energy
    2.04888e+03    6.29536e+02   -3.00295e+05    5.71072e+04   -2.43188e+05
  Conserved En.    Temperature Pres. DC (bar) Pressure (bar)   Constr. rmsd
   -2.74580e+05    3.01114e+02   -2.22343e+02   -2.35212e+02    2.76660e-06

           Step           Time
          26500       53.00000

   Energies (kJ/mol)
           Bond            U-B    Proper Dih.  Improper Dih.      CMAP Dih.
    1.53349e+03    3.94212e+03    5.01403e+03    2.70132e+02   -1.20792e+02
          LJ-14     Coulomb-14        LJ (SR)  Disper. corr.   Coulomb (SR)
    1.39648e+03    1.41914e+04    4.73527e+04   -3.01070e+03   -3.72324e+05
   Coul. recip. Position Rest.      Potential    Kinetic En.   Total Energy
    2.01783e+03    6.76974e+02   -2.99061e+05    5.82930e+04   -2.40768e+05
  Conserved En.    Temperature Pres. DC (bar) Pressure (bar)   Constr. rmsd
   -2.74611e+05    3.07367e+02   -2.22343e+02    2.23258e+02    2.85509e-06

           Step           Time
          27000       54.00000

   Energies (kJ/mol)
           Bond            U-B    Proper Dih.  Improper Dih.      CMAP Dih.
    1.54949e+03    3.95685e+03    4.96472e+03    2.62377e+02   -1.61102e+02
          LJ-14     Coulomb-14        LJ (SR)  Disper. corr.   Coulomb (SR)
    1.40280e+03    1.42754e+04    4.79529e+04   -3.01070e+03   -3.73732e+05
   Coul. recip. Position Rest.      Potential    Kinetic En.   Total Energy
    2.03339e+03    6.83382e+02   -2.99823e+05    5.71256e+04   -2.42697e+05
  Conserved En.    Temperature Pres. DC (bar) Pressure (bar)   Constr. rmsd
   -2.74589e+05    3.01212e+02   -2.22343e+02    1.11160e+02    2.48891e-06

           Step           Time
          27500       55.00000

   Energies (kJ/mol)
           Bond            U-B    Proper Dih.  Improper Dih.      CMAP Dih.
    1.41635e+03    4.02871e+03    5.04889e+03    2.70388e+02   -1.61132e+02
          LJ-14     Coulomb-14        LJ (SR)  Disper. corr.   Coulomb (SR)
    1.36002e+03    1.41822e+04    4.74294e+04   -3.01070e+03   -3.72674e+05
   Coul. recip. Position Rest.      Potential    Kinetic En.   Total Energy
    2.06500e+03    6.68663e+02   -2.99377e+05    5.75448e+04   -2.41832e+05
  Conserved En.    Temperature Pres. DC (bar) Pressure (bar)   Constr. rmsd
   -2.74607e+05    3.03422e+02   -2.22343e+02    2.92206e+02    2.56146e-06

           Step           Time
          28000       56.00000

   Energies (kJ/mol)
           Bond            U-B    Proper Dih.  Improper Dih.      CMAP Dih.
    1.48283e+03    4.08378e+03    4.93050e+03    2.87465e+02   -1.28265e+02
          LJ-14     Coulomb-14        LJ (SR)  Disper. corr.   Coulomb (SR)
    1.31294e+03    1.42136e+04    4.67350e+04   -3.01070e+03   -3.72229e+05
   Coul. recip. Position Rest.      Potential    Kinetic En.   Total Energy
    2.02502e+03    6.72566e+02   -2.99624e+05    5.66034e+04   -2.43021e+05
  Conserved En.    Temperature Pres. DC (bar) Pressure (bar)   Constr. rmsd
   -2.74595e+05    2.98458e+02   -2.22343e+02   -2.86255e+02    2.51214e-06

           Step           Time
          28500       57.00000

   Energies (kJ/mol)
           Bond            U-B    Proper Dih.  Improper Dih.      CMAP Dih.
    1.50449e+03    3.86815e+03    4.95590e+03    2.15734e+02   -9.44314e+01
          LJ-14     Coulomb-14        LJ (SR)  Disper. corr.   Coulomb (SR)
    1.37184e+03    1.42763e+04    4.73743e+04   -3.01070e+03   -3.73156e+05
   Coul. recip. Position Rest.      Potential    Kinetic En.   Total Energy
    2.08716e+03    6.94960e+02   -2.99912e+05    5.65771e+04   -2.43335e+05
  Conserved En.    Temperature Pres. DC (bar) Pressure (bar)   Constr. rmsd
   -2.74585e+05    2.98319e+02   -2.22343e+02    1.46797e+01    2.49585e-06

           Step           Time
          29000       58.00000

   Energies (kJ/mol)
           Bond            U-B    Proper Dih.  Improper Dih.      CMAP Dih.
    1.59370e+03    3.94281e+03    4.92289e+03    2.31003e+02   -1.34235e+02
          LJ-14     Coulomb-14        LJ (SR)  Disper. corr.   Coulomb (SR)
    1.38740e+03    1.41650e+04    4.69234e+04   -3.01070e+03   -3.72798e+05
   Coul. recip. Position Rest.      Potential    Kinetic En.   Total Energy
    2.05397e+03    6.08895e+02   -3.00114e+05    5.73620e+04   -2.42752e+05
  Conserved En.    Temperature Pres. DC (bar) Pressure (bar)   Constr. rmsd
   -2.74598e+05    3.02458e+02   -2.22343e+02   -3.61922e+02    2.50253e-06

           Step           Time
          29500       59.00000

   Energies (kJ/mol)
           Bond            U-B    Proper Dih.  Improper Dih.      CMAP Dih.
    1.42793e+03    3.85909e+03    4.93744e+03    2.53473e+02   -1.24770e+02
          LJ-14     Coulomb-14        LJ (SR)  Disper. corr.   Coulomb (SR)
    1.38474e+03    1.43252e+04    4.76259e+04   -3.01070e+03   -3.74452e+05
   Coul. recip. Position Rest.      Potential    Kinetic En.   Total Energy
    2.01366e+03    6.66339e+02   -3.01094e+05    5.61092e+04   -2.44985e+05
  Conserved En.    Temperature Pres. DC (bar) Pressure (bar)   Constr. rmsd
   -2.74597e+05    2.95852e+02   -2.22343e+02   -2.14968e+02    2.87274e-06

           Step           Time
          30000       60.00000

   Energies (kJ/mol)
           Bond            U-B    Proper Dih.  Improper Dih.      CMAP Dih.
    1.54863e+03    3.86744e+03    4.91257e+03    2.60181e+02   -8.68860e+01
          LJ-14     Coulomb-14        LJ (SR)  Disper. corr.   Coulomb (SR)
    1.30772e+03    1.41807e+04    4.71647e+04   -3.01070e+03   -3.73073e+05
   Coul. recip. Position Rest.      Potential    Kinetic En.   Total Energy
    2.03381e+03    7.08411e+02   -3.00187e+05    5.61509e+04   -2.44036e+05
  Conserved En.    Temperature Pres. DC (bar) Pressure (bar)   Constr. rmsd
   -2.74587e+05    2.96072e+02   -2.22343e+02   -2.61280e+02    2.65110e-06

           Step           Time
          30500       61.00000

   Energies (kJ/mol)
           Bond            U-B    Proper Dih.  Improper Dih.      CMAP Dih.
    1.39916e+03    4.01344e+03    4.90218e+03    2.84349e+02   -1.37831e+02
          LJ-14     Coulomb-14        LJ (SR)  Disper. corr.   Coulomb (SR)
    1.40988e+03    1.41445e+04    4.76596e+04   -3.01070e+03   -3.73930e+05
   Coul. recip. Position Rest.      Potential    Kinetic En.   Total Energy
    2.11546e+03    6.48850e+02   -3.00501e+05    5.70230e+04   -2.43478e+05
  Conserved En.    Temperature Pres. DC (bar) Pressure (bar)   Constr. rmsd
   -2.74581e+05    3.00671e+02   -2.22343e+02    8.57171e+01    2.93007e-06

           Step           Time
          31000       62.00000

   Energies (kJ/mol)
           Bond            U-B    Proper Dih.  Improper Dih.      CMAP Dih.
    1.44412e+03    3.84806e+03    4.97750e+03    2.50912e+02   -1.29419e+02
          LJ-14     Coulomb-14        LJ (SR)  Disper. corr.   Coulomb (SR)
    1.36761e+03    1.41543e+04    4.75838e+04   -3.01070e+03   -3.73934e+05
   Coul. recip. Position Rest.      Potential    Kinetic En.   Total Energy
    2.05825e+03    6.81488e+02   -3.00708e+05    5.73039e+04   -2.43405e+05
  Conserved En.    Temperature Pres. DC (bar) Pressure (bar)   Constr. rmsd
   -2.74599e+05    3.02151e+02   -2.22343e+02   -3.12552e+02    2.50961e-06

           Step           Time
          31500       63.00000

   Energies (kJ/mol)
           Bond            U-B    Proper Dih.  Improper Dih.      CMAP Dih.
    1.49647e+03    3.98321e+03    4.91013e+03    2.46985e+02   -1.09570e+02
          LJ-14     Coulomb-14        LJ (SR)  Disper. corr.   Coulomb (SR)
    1.41742e+03    1.42643e+04    4.69156e+04   -3.01070e+03   -3.72360e+05
   Coul. recip. Position Rest.      Potential    Kinetic En.   Total Energy
    2.04233e+03    7.05934e+02   -2.99498e+05    5.64789e+04   -2.43019e+05
  Conserved En.    Temperature Pres. DC (bar) Pressure (bar)   Constr. rmsd
   -2.74580e+05    2.97802e+02   -2.22343e+02   -9.23239e+01    2.29506e-06

           Step           Time
          32000       64.00000

   Energies (kJ/mol)
           Bond            U-B    Proper Dih.  Improper Dih.      CMAP Dih.
    1.42916e+03    3.91361e+03    4.89830e+03    2.42961e+02   -1.05206e+02
          LJ-14     Coulomb-14        LJ (SR)  Disper. corr.   Coulomb (SR)
    1.39250e+03    1.42749e+04    4.72786e+04   -3.01070e+03   -3.73303e+05
   Coul. recip. Position Rest.      Potential    Kinetic En.   Total Energy
    2.00139e+03    6.36902e+02   -3.00351e+05    5.60342e+04   -2.44317e+05
  Conserved En.    Temperature Pres. DC (bar) Pressure (bar)   Constr. rmsd
   -2.74597e+05    2.95457e+02   -2.22343e+02   -1.28511e+02    2.42116e-06

           Step           Time
          32500       65.00000

   Energies (kJ/mol)
           Bond            U-B    Proper Dih.  Improper Dih.      CMAP Dih.
    1.31735e+03    4.02205e+03    4.96022e+03    2.72394e+02   -1.25643e+02
          LJ-14     Coulomb-14        LJ (SR)  Disper. corr.   Coulomb (SR)
    1.38288e+03    1.42084e+04    4.76398e+04   -3.01070e+03   -3.74176e+05
   Coul. recip. Position Rest.      Potential    Kinetic En.   Total Energy
    2.02132e+03    6.51351e+02   -3.00837e+05    5.69035e+04   -2.43933e+05
  Conserved En.    Temperature Pres. DC (bar) Pressure (bar)   Constr. rmsd
   -2.74594e+05    3.00040e+02   -2.22343e+02    2.20089e+02    2.51773e-06

           Step           Time
          33000       66.00000

   Energies (kJ/mol)
           Bond            U-B    Proper Dih.  Improper Dih.      CMAP Dih.
    1.52362e+03    4.05129e+03    4.94554e+03    2.86348e+02   -1.10656e+02
          LJ-14     Coulomb-14        LJ (SR)  Disper. corr.   Coulomb (SR)
    1.37313e+03    1.43177e+04    4.67456e+04   -3.01070e+03   -3.72632e+05
   Coul. recip. Position Rest.      Potential    Kinetic En.   Total Energy
    2.02734e+03    6.82248e+02   -2.99800e+05    5.72588e+04   -2.42541e+05
  Conserved En.    Temperature Pres. DC (bar) Pressure (bar)   Constr. rmsd
   -2.74584e+05    3.01914e+02   -2.22343e+02   -1.23173e+02    2.82403e-06

           Step           Time
          33500       67.00000

   Energies (kJ/mol)
           Bond            U-B    Proper Dih.  Improper Dih.      CMAP Dih.
    1.44462e+03    3.94404e+03    4.96296e+03    2.57879e+02   -1.06002e+02
          LJ-14     Coulomb-14        LJ (SR)  Disper. corr.   Coulomb (SR)
    1.37022e+03    1.41365e+04    4.68950e+04   -3.01070e+03   -3.72450e+05
   Coul. recip. Position Rest.      Potential    Kinetic En.   Total Energy
    1.98982e+03    7.10532e+02   -2.99855e+05    5.68282e+04   -2.43027e+05
  Conserved En.    Temperature Pres. DC (bar) Pressure (bar)   Constr. rmsd
   -2.74599e+05    2.99643e+02   -2.22343e+02    3.95756e+02    2.68505e-06

           Step           Time
          34000       68.00000

   Energies (kJ/mol)
           Bond            U-B    Proper Dih.  Improper Dih.      CMAP Dih.
    1.46939e+03    3.85060e+03    4.90980e+03    2.32957e+02   -9.48472e+01
          LJ-14     Coulomb-14        LJ (SR)  Disper. corr.   Coulomb (SR)
    1.36791e+03    1.43755e+04    4.81049e+04   -3.01070e+03   -3.74467e+05
   Coul. recip. Position Rest.      Potential    Kinetic En.   Total Energy
    2.08572e+03    6.16746e+02   -3.00559e+05    5.66424e+04   -2.43916e+05
  Conserved En.    Temperature Pres. DC (bar) Pressure (bar)   Constr. rmsd
   -2.74602e+05    2.98663e+02   -2.22343e+02    5.66467e+01    3.21777e-06

           Step           Time
          34500       69.00000

   Energies (kJ/mol)
           Bond            U-B    Proper Dih.  Improper Dih.      CMAP Dih.
    1.57409e+03    3.95993e+03    4.90881e+03    2.40859e+02   -1.25823e+02
          LJ-14     Coulomb-14        LJ (SR)  Disper. corr.   Coulomb (SR)
    1.37399e+03    1.42655e+04    4.80936e+04   -3.01070e+03   -3.74106e+05
   Coul. recip. Position Rest.      Potential    Kinetic En.   Total Energy
    2.09311e+03    6.79133e+02   -3.00053e+05    5.73930e+04   -2.42660e+05
  Conserved En.    Temperature Pres. DC (bar) Pressure (bar)   Constr. rmsd
   -2.74591e+05    3.02622e+02   -2.22343e+02    5.01334e+02    2.85768e-06

           Step           Time
          35000       70.00000

   Energies (kJ/mol)
           Bond            U-B    Proper Dih.  Improper Dih.      CMAP Dih.
    1.46595e+03    4.04057e+03    4.89175e+03    2.70051e+02   -1.46873e+02
          LJ-14     Coulomb-14        LJ (SR)  Disper. corr.   Coulomb (SR)
    1.41756e+03    1.42153e+04    4.74463e+04   -3.01070e+03   -3.73353e+05
   Coul. recip. Position Rest.      Potential    Kinetic En.   Total Energy
    2.04863e+03    6.83453e+02   -3.00031e+05    5.73846e+04   -2.42646e+05
  Conserved En.    Temperature Pres. DC (bar) Pressure (bar)   Constr. rmsd
   -2.74600e+05    3.02577e+02   -2.22343e+02    3.60898e+01    2.67196e-06

           Step           Time
          35500       71.00000

   Energies (kJ/mol)
           Bond            U-B    Proper Dih.  Improper Dih.      CMAP Dih.
    1.51827e+03    4.05268e+03    4.88530e+03    2.31176e+02   -1.27369e+02
          LJ-14     Coulomb-14        LJ (SR)  Disper. corr.   Coulomb (SR)
    1.39591e+03    1.41950e+04    4.75020e+04   -3.01070e+03   -3.74250e+05
   Coul. recip. Position Rest.      Potential    Kinetic En.   Total Energy
    1.94488e+03    6.64870e+02   -3.00998e+05    5.69303e+04   -2.44068e+05
  Conserved En.    Temperature Pres. DC (bar) Pressure (bar)   Constr. rmsd
   -2.74587e+05    3.00181e+02   -2.22343e+02   -3.85544e+02    2.32567e-06

           Step           Time
          36000       72.00000

   Energies (kJ/mol)
           Bond            U-B    Proper Dih.  Improper Dih.      CMAP Dih.
    1.33882e+03    4.00549e+03    4.94465e+03    2.42913e+02   -1.08819e+02
          LJ-14     Coulomb-14        LJ (SR)  Disper. corr.   Coulomb (SR)
    1.38006e+03    1.42936e+04    4.68436e+04   -3.01070e+03   -3.72624e+05
   Coul. recip. Position Rest.      Potential    Kinetic En.   Total Energy
    1.96696e+03    6.75167e+02   -3.00053e+05    5.71142e+04   -2.42938e+05
  Conserved En.    Temperature Pres. DC (bar) Pressure (bar)   Constr. rmsd
   -2.74604e+05    3.01151e+02   -2.22343e+02    1.56839e+02    2.79128e-06

           Step           Time
          36500       73.00000

   Energies (kJ/mol)
           Bond            U-B    Proper Dih.  Improper Dih.      CMAP Dih.
    1.35762e+03    4.07173e+03    4.94335e+03    2.63379e+02   -1.15911e+02
          LJ-14     Coulomb-14        LJ (SR)  Disper. corr.   Coulomb (SR)
    1.34872e+03    1.43209e+04    4.79038e+04   -3.01070e+03   -3.75380e+05
   Coul. recip. Position Rest.      Potential    Kinetic En.   Total Energy
    2.01783e+03    6.27794e+02   -3.01651e+05    5.64399e+04   -2.45211e+05
  Conserved En.    Temperature Pres. DC (bar) Pressure (bar)   Constr. rmsd
   -2.74585e+05    2.97596e+02   -2.22343e+02    1.99294e+02    2.52851e-06

           Step           Time
          37000       74.00000

   Energies (kJ/mol)
           Bond            U-B    Proper Dih.  Improper Dih.      CMAP Dih.
    1.46162e+03    3.98212e+03    4.92572e+03    2.58249e+02   -7.17879e+01
          LJ-14     Coulomb-14        LJ (SR)  Disper. corr.   Coulomb (SR)
    1.35900e+03    1.42830e+04    4.78151e+04   -3.01070e+03   -3.74098e+05
   Coul. recip. Position Rest.      Potential    Kinetic En.   Total Energy
    2.04038e+03    6.45471e+02   -3.00410e+05    5.68576e+04   -2.43553e+05
  Conserved En.    Temperature Pres. DC (bar) Pressure (bar)   Constr. rmsd
   -2.74592e+05    2.99798e+02   -2.22343e+02    2.08352e+02    2.97066e-06

           Step           Time
          37500       75.00000

   Energies (kJ/mol)
           Bond            U-B    Proper Dih.  Improper Dih.      CMAP Dih.
    1.50070e+03    4.05586e+03    4.98648e+03    2.49858e+02   -1.06905e+02
          LJ-14     Coulomb-14        LJ (SR)  Disper. corr.   Coulomb (SR)
    1.42532e+03    1.41116e+04    4.76913e+04   -3.01070e+03   -3.74422e+05
   Coul. recip. Position Rest.      Potential    Kinetic En.   Total Energy
    2.03196e+03    7.02889e+02   -3.00783e+05    5.68948e+04   -2.43889e+05
  Conserved En.    Temperature Pres. DC (bar) Pressure (bar)   Constr. rmsd
   -2.74580e+05    2.99994e+02   -2.22343e+02   -9.37743e+01    2.48101e-06

           Step           Time
          38000       76.00000

   Energies (kJ/mol)
           Bond            U-B    Proper Dih.  Improper Dih.      CMAP Dih.
    1.52112e+03    4.06702e+03    4.95349e+03    2.31995e+02   -1.25195e+02
          LJ-14     Coulomb-14        LJ (SR)  Disper. corr.   Coulomb (SR)
    1.28848e+03    1.41957e+04    4.78968e+04   -3.01070e+03   -3.75219e+05
   Coul. recip. Position Rest.      Potential    Kinetic En.   Total Energy
    1.95670e+03    6.49929e+02   -3.01593e+05    5.75612e+04   -2.44032e+05
  Conserved En.    Temperature Pres. DC (bar) Pressure (bar)   Constr. rmsd
   -2.74581e+05    3.03508e+02   -2.22343e+02   -1.79938e+02    2.53838e-06

           Step           Time
          38500       77.00000

   Energies (kJ/mol)
           Bond            U-B    Proper Dih.  Improper Dih.      CMAP Dih.
    1.69206e+03    4.04838e+03    5.03550e+03    2.19889e+02   -1.17068e+02
          LJ-14     Coulomb-14        LJ (SR)  Disper. corr.   Coulomb (SR)
    1.34571e+03    1.39355e+04    4.74039e+04   -3.01070e+03   -3.73295e+05
   Coul. recip. Position Rest.      Potential    Kinetic En.   Total Energy
    1.99722e+03    6.20106e+02   -3.00125e+05    5.69577e+04   -2.43167e+05
  Conserved En.    Temperature Pres. DC (bar) Pressure (bar)   Constr. rmsd
   -2.74576e+05    3.00326e+02   -2.22343e+02   -9.80411e+01    2.64681e-06

           Step           Time
          39000       78.00000

   Energies (kJ/mol)
           Bond            U-B    Proper Dih.  Improper Dih.      CMAP Dih.
    1.43923e+03    4.02161e+03    4.88307e+03    2.47244e+02   -1.28702e+02
          LJ-14     Coulomb-14        LJ (SR)  Disper. corr.   Coulomb (SR)
    1.36092e+03    1.41674e+04    4.66874e+04   -3.01070e+03   -3.72624e+05
   Coul. recip. Position Rest.      Potential    Kinetic En.   Total Energy
    1.96344e+03    6.30818e+02   -3.00362e+05    5.55399e+04   -2.44822e+05
  Conserved En.    Temperature Pres. DC (bar) Pressure (bar)   Constr. rmsd
   -2.74575e+05    2.92850e+02   -2.22343e+02   -2.99336e+02    2.31473e-06

           Step           Time
          39500       79.00000

   Energies (kJ/mol)
           Bond            U-B    Proper Dih.  Improper Dih.      CMAP Dih.
    1.53215e+03    4.02582e+03    4.86186e+03    2.29967e+02   -1.01162e+02
          LJ-14     Coulomb-14        LJ (SR)  Disper. corr.   Coulomb (SR)
    1.33290e+03    1.42074e+04    4.64553e+04   -3.01070e+03   -3.72487e+05
   Coul. recip. Position Rest.      Potential    Kinetic En.   Total Energy
    2.01069e+03    6.17086e+02   -3.00326e+05    5.63914e+04   -2.43934e+05
  Conserved En.    Temperature Pres. DC (bar) Pressure (bar)   Constr. rmsd
   -2.74583e+05    2.97340e+02   -2.22343e+02   -4.54268e+02    2.38108e-06

           Step           Time
          40000       80.00000

   Energies (kJ/mol)
           Bond            U-B    Proper Dih.  Improper Dih.      CMAP Dih.
    1.49970e+03    3.95125e+03    4.88303e+03    2.62105e+02   -1.15401e+02
          LJ-14     Coulomb-14        LJ (SR)  Disper. corr.   Coulomb (SR)
    1.40412e+03    1.43097e+04    4.61388e+04   -3.01070e+03   -3.72181e+05
   Coul. recip. Position Rest.      Potential    Kinetic En.   Total Energy
    2.06905e+03    6.02253e+02   -3.00187e+05    5.67207e+04   -2.43467e+05
  Conserved En.    Temperature Pres. DC (bar) Pressure (bar)   Constr. rmsd
   -2.74575e+05    2.99076e+02   -2.22343e+02   -1.54256e+02    2.43310e-06

Writing checkpoint, step 40050 at Fri Sep 10 13:44:17 2021


           Step           Time
          40500       81.00000

   Energies (kJ/mol)
           Bond            U-B    Proper Dih.  Improper Dih.      CMAP Dih.
    1.46952e+03    3.92253e+03    4.83008e+03    2.26307e+02   -9.99440e+01
          LJ-14     Coulomb-14        LJ (SR)  Disper. corr.   Coulomb (SR)
    1.35076e+03    1.41429e+04    4.78983e+04   -3.01070e+03   -3.74233e+05
   Coul. recip. Position Rest.      Potential    Kinetic En.   Total Energy
    1.94023e+03    6.56851e+02   -3.00906e+05    5.72933e+04   -2.43613e+05
  Conserved En.    Temperature Pres. DC (bar) Pressure (bar)   Constr. rmsd
   -2.74591e+05    3.02096e+02   -2.22343e+02    2.31423e+02    2.83649e-06

           Step           Time
          41000       82.00000

   Energies (kJ/mol)
           Bond            U-B    Proper Dih.  Improper Dih.      CMAP Dih.
    1.61931e+03    4.03533e+03    4.90935e+03    2.71309e+02   -1.14983e+02
          LJ-14     Coulomb-14        LJ (SR)  Disper. corr.   Coulomb (SR)
    1.32406e+03    1.42272e+04    4.69337e+04   -3.01070e+03   -3.73173e+05
   Coul. recip. Position Rest.      Potential    Kinetic En.   Total Energy
    1.96877e+03    6.71717e+02   -3.00338e+05    5.69516e+04   -2.43386e+05
  Conserved En.    Temperature Pres. DC (bar) Pressure (bar)   Constr. rmsd
   -2.74576e+05    3.00294e+02   -2.22343e+02   -6.72428e+01    2.41399e-06

           Step           Time
          41500       83.00000

   Energies (kJ/mol)
           Bond            U-B    Proper Dih.  Improper Dih.      CMAP Dih.
    1.46109e+03    4.08235e+03    4.98034e+03    2.49451e+02   -8.44328e+01
          LJ-14     Coulomb-14        LJ (SR)  Disper. corr.   Coulomb (SR)
    1.35553e+03    1.41186e+04    4.81497e+04   -3.01070e+03   -3.74149e+05
   Coul. recip. Position Rest.      Potential    Kinetic En.   Total Energy
    2.04318e+03    6.05385e+02   -3.00198e+05    5.68653e+04   -2.43333e+05
  Conserved En.    Temperature Pres. DC (bar) Pressure (bar)   Constr. rmsd
   -2.74575e+05    2.99839e+02   -2.22343e+02    1.26103e+02    2.27098e-06

           Step           Time
          42000       84.00000

   Energies (kJ/mol)
           Bond            U-B    Proper Dih.  Improper Dih.      CMAP Dih.
    1.43816e+03    3.88953e+03    4.92073e+03    2.21535e+02   -1.36978e+02
          LJ-14     Coulomb-14        LJ (SR)  Disper. corr.   Coulomb (SR)
    1.38229e+03    1.44503e+04    4.61116e+04   -3.01070e+03   -3.72226e+05
   Coul. recip. Position Rest.      Potential    Kinetic En.   Total Energy
    1.99057e+03    6.84206e+02   -3.00284e+05    5.64335e+04   -2.43851e+05
  Conserved En.    Temperature Pres. DC (bar) Pressure (bar)   Constr. rmsd
   -2.74595e+05    2.97562e+02   -2.22343e+02    7.37573e+01    2.60194e-06

           Step           Time
          42500       85.00000

   Energies (kJ/mol)
           Bond            U-B    Proper Dih.  Improper Dih.      CMAP Dih.
    1.45652e+03    4.06246e+03    4.95075e+03    2.64986e+02   -1.60275e+02
          LJ-14     Coulomb-14        LJ (SR)  Disper. corr.   Coulomb (SR)
    1.34061e+03    1.41608e+04    4.71671e+04   -3.01070e+03   -3.73584e+05
   Coul. recip. Position Rest.      Potential    Kinetic En.   Total Energy
    1.98989e+03    6.87583e+02   -3.00674e+05    5.66623e+04   -2.44012e+05
  Conserved En.    Temperature Pres. DC (bar) Pressure (bar)   Constr. rmsd
   -2.74570e+05    2.98769e+02   -2.22343e+02   -9.61843e+01    2.58886e-06

           Step           Time
          43000       86.00000

   Energies (kJ/mol)
           Bond            U-B    Proper Dih.  Improper Dih.      CMAP Dih.
    1.45457e+03    3.97438e+03    4.83481e+03    2.63440e+02   -8.98029e+01
          LJ-14     Coulomb-14        LJ (SR)  Disper. corr.   Coulomb (SR)
    1.33337e+03    1.43278e+04    4.72635e+04   -3.01070e+03   -3.73707e+05
   Coul. recip. Position Rest.      Potential    Kinetic En.   Total Energy
    2.07629e+03    6.50178e+02   -3.00629e+05    5.65498e+04   -2.44079e+05
  Conserved En.    Temperature Pres. DC (bar) Pressure (bar)   Constr. rmsd
   -2.74583e+05    2.98175e+02   -2.22343e+02   -5.12539e+02    2.57213e-06

           Step           Time
          43500       87.00000

   Energies (kJ/mol)
           Bond            U-B    Proper Dih.  Improper Dih.      CMAP Dih.
    1.51570e+03    3.97891e+03    4.91267e+03    2.10812e+02   -1.14990e+02
          LJ-14     Coulomb-14        LJ (SR)  Disper. corr.   Coulomb (SR)
    1.39217e+03    1.42540e+04    4.74141e+04   -3.01070e+03   -3.73419e+05
   Coul. recip. Position Rest.      Potential    Kinetic En.   Total Energy
    1.96903e+03    6.85274e+02   -3.00212e+05    5.58377e+04   -2.44374e+05
  Conserved En.    Temperature Pres. DC (bar) Pressure (bar)   Constr. rmsd
   -2.74569e+05    2.94420e+02   -2.22343e+02   -9.98501e+01    2.32194e-06

           Step           Time
          44000       88.00000

   Energies (kJ/mol)
           Bond            U-B    Proper Dih.  Improper Dih.      CMAP Dih.
    1.37291e+03    3.85665e+03    4.98351e+03    2.67795e+02   -1.04410e+02
          LJ-14     Coulomb-14        LJ (SR)  Disper. corr.   Coulomb (SR)
    1.38702e+03    1.40209e+04    4.78391e+04   -3.01070e+03   -3.73668e+05
   Coul. recip. Position Rest.      Potential    Kinetic En.   Total Energy
    2.02577e+03    5.99119e+02   -3.00430e+05    5.66283e+04   -2.43802e+05
  Conserved En.    Temperature Pres. DC (bar) Pressure (bar)   Constr. rmsd
   -2.74594e+05    2.98589e+02   -2.22343e+02    1.92197e+02    2.64236e-06

           Step           Time
          44500       89.00000

   Energies (kJ/mol)
           Bond            U-B    Proper Dih.  Improper Dih.      CMAP Dih.
    1.40535e+03    3.93711e+03    4.89522e+03    2.33843e+02   -1.17081e+02
          LJ-14     Coulomb-14        LJ (SR)  Disper. corr.   Coulomb (SR)
    1.38838e+03    1.40601e+04    4.70328e+04   -3.01070e+03   -3.73860e+05
   Coul. recip. Position Rest.      Potential    Kinetic En.   Total Energy
    2.04700e+03    6.23110e+02   -3.01365e+05    5.70305e+04   -2.44334e+05
  Conserved En.    Temperature Pres. DC (bar) Pressure (bar)   Constr. rmsd
   -2.74595e+05    3.00710e+02   -2.22343e+02   -3.87059e+01    2.67477e-06

           Step           Time
          45000       90.00000

   Energies (kJ/mol)
           Bond            U-B    Proper Dih.  Improper Dih.      CMAP Dih.
    1.44283e+03    3.96308e+03    4.98760e+03    2.44815e+02   -1.29383e+02
          LJ-14     Coulomb-14        LJ (SR)  Disper. corr.   Coulomb (SR)
    1.28978e+03    1.42024e+04    4.70483e+04   -3.01070e+03   -3.73308e+05
   Coul. recip. Position Rest.      Potential    Kinetic En.   Total Energy
    2.07649e+03    6.52345e+02   -3.00540e+05    5.66484e+04   -2.43892e+05
  Conserved En.    Temperature Pres. DC (bar) Pressure (bar)   Constr. rmsd
   -2.74581e+05    2.98695e+02   -2.22343e+02   -3.03837e+02    2.54057e-06

           Step           Time
          45500       91.00000

   Energies (kJ/mol)
           Bond            U-B    Proper Dih.  Improper Dih.      CMAP Dih.
    1.37904e+03    4.11427e+03    4.95044e+03    2.77113e+02   -1.35787e+02
          LJ-14     Coulomb-14        LJ (SR)  Disper. corr.   Coulomb (SR)
    1.39242e+03    1.42551e+04    4.70394e+04   -3.01070e+03   -3.73096e+05
   Coul. recip. Position Rest.      Potential    Kinetic En.   Total Energy
    1.99240e+03    6.57027e+02   -3.00185e+05    5.65040e+04   -2.43681e+05
  Conserved En.    Temperature Pres. DC (bar) Pressure (bar)   Constr. rmsd
   -2.74579e+05    2.97934e+02   -2.22343e+02    9.83287e+00    2.84317e-06

           Step           Time
          46000       92.00000

   Energies (kJ/mol)
           Bond            U-B    Proper Dih.  Improper Dih.      CMAP Dih.
    1.56772e+03    3.94728e+03    4.92566e+03    2.55410e+02   -1.05346e+02
          LJ-14     Coulomb-14        LJ (SR)  Disper. corr.   Coulomb (SR)
    1.32337e+03    1.41323e+04    4.71240e+04   -3.01070e+03   -3.72925e+05
   Coul. recip. Position Rest.      Potential    Kinetic En.   Total Energy
    2.01313e+03    6.49546e+02   -3.00103e+05    5.68612e+04   -2.43242e+05
  Conserved En.    Temperature Pres. DC (bar) Pressure (bar)   Constr. rmsd
   -2.74583e+05    2.99817e+02   -2.22343e+02   -2.88887e+02    2.59900e-06

           Step           Time
          46500       93.00000

   Energies (kJ/mol)
           Bond            U-B    Proper Dih.  Improper Dih.      CMAP Dih.
    1.54060e+03    3.88488e+03    4.91405e+03    2.56470e+02   -1.17838e+02
          LJ-14     Coulomb-14        LJ (SR)  Disper. corr.   Coulomb (SR)
    1.37796e+03    1.41499e+04    4.58987e+04   -3.01070e+03   -3.72133e+05
   Coul. recip. Position Rest.      Potential    Kinetic En.   Total Energy
    2.02917e+03    6.34035e+02   -3.00576e+05    5.62618e+04   -2.44314e+05
  Conserved En.    Temperature Pres. DC (bar) Pressure (bar)   Constr. rmsd
   -2.74581e+05    2.96657e+02   -2.22343e+02   -2.76545e+02    2.39178e-06

           Step           Time
          47000       94.00000

   Energies (kJ/mol)
           Bond            U-B    Proper Dih.  Improper Dih.      CMAP Dih.
    1.42014e+03    4.06072e+03    4.92762e+03    2.28217e+02   -1.00611e+02
          LJ-14     Coulomb-14        LJ (SR)  Disper. corr.   Coulomb (SR)
    1.34037e+03    1.42652e+04    4.65392e+04   -3.01070e+03   -3.71853e+05
   Coul. recip. Position Rest.      Potential    Kinetic En.   Total Energy
    2.09704e+03    6.65830e+02   -2.99420e+05    5.72610e+04   -2.42159e+05
  Conserved En.    Temperature Pres. DC (bar) Pressure (bar)   Constr. rmsd
   -2.74596e+05    3.01925e+02   -2.22343e+02   -2.60070e+02    2.56907e-06

           Step           Time
          47500       95.00000

   Energies (kJ/mol)
           Bond            U-B    Proper Dih.  Improper Dih.      CMAP Dih.
    1.57987e+03    3.81983e+03    4.98538e+03    2.57507e+02   -1.39994e+02
          LJ-14     Coulomb-14        LJ (SR)  Disper. corr.   Coulomb (SR)
    1.33534e+03    1.41561e+04    4.79031e+04   -3.01070e+03   -3.74571e+05
   Coul. recip. Position Rest.      Potential    Kinetic En.   Total Energy
    2.05032e+03    6.65418e+02   -3.00969e+05    5.61791e+04   -2.44790e+05
  Conserved En.    Temperature Pres. DC (bar) Pressure (bar)   Constr. rmsd
   -2.74595e+05    2.96221e+02   -2.22343e+02    1.16404e+02    2.50273e-06

           Step           Time
          48000       96.00000

   Energies (kJ/mol)
           Bond            U-B    Proper Dih.  Improper Dih.      CMAP Dih.
    1.57128e+03    3.92571e+03    4.89292e+03    2.54756e+02   -1.31194e+02
          LJ-14     Coulomb-14        LJ (SR)  Disper. corr.   Coulomb (SR)
    1.38992e+03    1.40743e+04    4.72027e+04   -3.01070e+03   -3.72367e+05
   Coul. recip. Position Rest.      Potential    Kinetic En.   Total Energy
    2.12100e+03    6.55914e+02   -2.99420e+05    5.73313e+04   -2.42089e+05
  Conserved En.    Temperature Pres. DC (bar) Pressure (bar)   Constr. rmsd
   -2.74581e+05    3.02296e+02   -2.22343e+02    7.05436e+01    3.43110e-06

           Step           Time
          48500       97.00000

   Energies (kJ/mol)
           Bond            U-B    Proper Dih.  Improper Dih.      CMAP Dih.
    1.50033e+03    4.06467e+03    4.93923e+03    2.23346e+02   -1.13551e+02
          LJ-14     Coulomb-14        LJ (SR)  Disper. corr.   Coulomb (SR)
    1.33071e+03    1.42586e+04    4.69834e+04   -3.01070e+03   -3.73219e+05
   Coul. recip. Position Rest.      Potential    Kinetic En.   Total Energy
    1.99877e+03    6.71676e+02   -3.00372e+05    5.71643e+04   -2.43208e+05
  Conserved En.    Temperature Pres. DC (bar) Pressure (bar)   Constr. rmsd
   -2.74585e+05    3.01415e+02   -2.22343e+02   -3.51447e+02    2.85332e-06

           Step           Time
          49000       98.00000

   Energies (kJ/mol)
           Bond            U-B    Proper Dih.  Improper Dih.      CMAP Dih.
    1.59754e+03    3.88041e+03    4.96064e+03    2.31890e+02   -1.55198e+02
          LJ-14     Coulomb-14        LJ (SR)  Disper. corr.   Coulomb (SR)
    1.33172e+03    1.42234e+04    4.75499e+04   -3.01070e+03   -3.73701e+05
   Coul. recip. Position Rest.      Potential    Kinetic En.   Total Energy
    2.01086e+03    7.55707e+02   -3.00325e+05    5.67084e+04   -2.43616e+05
  Conserved En.    Temperature Pres. DC (bar) Pressure (bar)   Constr. rmsd
   -2.74584e+05    2.99011e+02   -2.22343e+02   -3.13576e+02    2.63901e-06

           Step           Time
          49500       99.00000

   Energies (kJ/mol)
           Bond            U-B    Proper Dih.  Improper Dih.      CMAP Dih.
    1.54536e+03    3.93161e+03    4.92793e+03    2.56332e+02   -1.38672e+02
          LJ-14     Coulomb-14        LJ (SR)  Disper. corr.   Coulomb (SR)
    1.36706e+03    1.41056e+04    4.76683e+04   -3.01070e+03   -3.74427e+05
   Coul. recip. Position Rest.      Potential    Kinetic En.   Total Energy
    1.97033e+03    6.62792e+02   -3.01141e+05    5.65488e+04   -2.44592e+05
  Conserved En.    Temperature Pres. DC (bar) Pressure (bar)   Constr. rmsd
   -2.74584e+05    2.98170e+02   -2.22343e+02   -2.07772e+02    2.39329e-06

           Step           Time
          50000      100.00000

Writing checkpoint, step 50000 at Fri Sep 10 13:48:06 2021


   Energies (kJ/mol)
           Bond            U-B    Proper Dih.  Improper Dih.      CMAP Dih.
    1.40166e+03    3.92793e+03    4.88807e+03    2.48812e+02   -1.32253e+02
          LJ-14     Coulomb-14        LJ (SR)  Disper. corr.   Coulomb (SR)
    1.32108e+03    1.42641e+04    4.65823e+04   -3.01070e+03   -3.72621e+05
   Coul. recip. Position Rest.      Potential    Kinetic En.   Total Energy
    2.04689e+03    7.10132e+02   -3.00373e+05    5.65615e+04   -2.43811e+05
  Conserved En.    Temperature Pres. DC (bar) Pressure (bar)   Constr. rmsd
   -2.74579e+05    2.98237e+02   -2.22343e+02   -3.11071e+02    2.39599e-06


	<======  ###############  ==>
	<====  A V E R A G E S  ====>
	<==  ###############  ======>

	Statistics over 50001 steps using 501 frames

   Energies (kJ/mol)
           Bond            U-B    Proper Dih.  Improper Dih.      CMAP Dih.
    1.47953e+03    3.96123e+03    4.93903e+03    2.50806e+02   -1.20783e+02
          LJ-14     Coulomb-14        LJ (SR)  Disper. corr.   Coulomb (SR)
    1.36993e+03    1.42311e+04    4.73104e+04   -3.01070e+03   -3.73401e+05
   Coul. recip. Position Rest.      Potential    Kinetic En.   Total Energy
    2.03328e+03    6.56764e+02   -3.00301e+05    5.68869e+04   -2.43414e+05
  Conserved En.    Temperature Pres. DC (bar) Pressure (bar)   Constr. rmsd
   -2.74594e+05    2.99953e+02   -2.22343e+02    3.00058e+00    0.00000e+00

   Total Virial (kJ/mol)
    1.90542e+04    2.67523e+02   -4.16500e+01
    2.67597e+02    1.88118e+04    2.09801e+02
   -4.21420e+01    2.10118e+02    1.89599e+04

   Pressure (bar)
   -1.51303e+01   -4.09306e+01    7.49710e+00
   -4.09416e+01    2.43490e+01   -3.36506e+01
    7.56968e+00   -3.36974e+01   -2.16939e-01

      T-Protein  T-non-Protein
    3.00099e+02    2.99937e+02


	M E G A - F L O P S   A C C O U N T I N G

 NB=Group-cutoff nonbonded kernels    NxN=N-by-N cluster Verlet kernels
 RF=Reaction-Field  VdW=Van der Waals  QSTab=quadratic-spline table
 W3=SPC/TIP3p  W4=TIP4p (single or pairs)
 V&F=Potential and force  V=Potential only  F=Force only

 Computing:                               M-Number         M-Flops  % Flops
-----------------------------------------------------------------------------
 Pair Search distance check            7393.788196       66544.094     0.3
 NxN QSTab Elec. + LJ [F]            301892.579512    12377595.760    53.8
 NxN QSTab Elec. + LJ [V&F]            3055.436760      180270.769     0.8
 NxN QSTab Elec. [F]                 250185.900888     8506320.630    37.0
 NxN QSTab Elec. [V&F]                 2532.003688      103812.151     0.5
 1,4 nonbonded interactions             234.354687       21091.922     0.1
 Calc Weights                          3353.317065      120719.414     0.5
 Spread Q Bspline                     71537.430720      143074.861     0.6
 Gather F Bspline                     71537.430720      429224.584     1.9
 3D-FFT                              102183.043620      817464.349     3.6
 Solve PME                               80.001600        5120.102     0.0
 Shift-X                                 22.377355         134.264     0.0
 Bonds                                   46.550931        2746.505     0.0
 Propers                                231.804636       53083.262     0.2
 Impropers                               16.550331        3442.469     0.0
 Pos. Restr.                             45.450909        2272.545     0.0
 Virial                                  11.222400         202.003     0.0
 Stop-CM                                 11.222210         112.222     0.0
 Calc-Ekin                              223.594710        6037.057     0.0
 Lincs                                   43.552613        2613.157     0.0
 Lincs-Mat                              216.012960         864.052     0.0
 Constraint-V                          1115.694626        8925.557     0.0
 Constraint-Vir                          10.742442         257.819     0.0
 Settle                                 342.870571      110747.194     0.5
 CMAP                                     5.400108        9180.184     0.0
 Urey-Bradley                           161.953239       29637.443     0.1
-----------------------------------------------------------------------------
 Total                                                23001494.370   100.0
-----------------------------------------------------------------------------


     R E A L   C Y C L E   A N D   T I M E   A C C O U N T I N G

On 1 MPI rank, each using 4 OpenMP threads

 Computing:          Num   Num      Call    Wall time         Giga-Cycles
                     Ranks Threads  Count      (s)         total sum    %
-----------------------------------------------------------------------------
 Neighbor search        1    4       1001      20.788        215.694   1.8
 Force                  1    4      50001     922.348       9570.263  81.6
 PME mesh               1    4      50001     143.103       1484.836  12.7
 NB X/F buffer ops.     1    4      99001      16.962        175.993   1.5
 Write traj.            1    4        102       2.521         26.161   0.2
 Update                 1    4      50001       8.724         90.519   0.8
 Constraints            1    4      50003      12.798        132.790   1.1
 Rest                                           2.479         25.717   0.2
-----------------------------------------------------------------------------
 Total                                       1129.723      11721.973 100.0
-----------------------------------------------------------------------------
 Breakdown of PME mesh computation
-----------------------------------------------------------------------------
 PME spread             1    4      50001      50.567        524.681   4.5
 PME gather             1    4      50001      64.498        669.231   5.7
 PME 3D-FFT             1    4     100002      22.940        238.023   2.0
 PME solve Elec         1    4      50001       4.368         45.319   0.4
-----------------------------------------------------------------------------

               Core t (s)   Wall t (s)        (%)
       Time:     4518.885     1129.723      400.0
                 (ns/day)    (hour/ns)
Performance:        7.648        3.138
Finished mdrun on rank 0 Fri Sep 10 13:48:06 2021

